{"/home/korichevalex/Documents/memium_react/src/api/AccountOpenController.js": {"path":"/home/korichevalex/Documents/memium_react/src/api/AccountOpenController.js","statementMap":{"0":{"start":{"line":5,"column":4},"end":{"line":5,"column":12}},"1":{"start":{"line":9,"column":20},"end":{"line":12,"column":5}},"2":{"start":{"line":13,"column":4},"end":{"line":13,"column":19}},"3":{"start":{"line":17,"column":19},"end":{"line":23,"column":5}},"4":{"start":{"line":24,"column":4},"end":{"line":24,"column":44}}},"fnMap":{"0":{"name":"(anonymous_0)","decl":{"start":{"line":4,"column":2},"end":{"line":4,"column":3}},"loc":{"start":{"line":4,"column":16},"end":{"line":6,"column":3}},"line":4},"1":{"name":"(anonymous_1)","decl":{"start":{"line":8,"column":2},"end":{"line":8,"column":3}},"loc":{"start":{"line":8,"column":38},"end":{"line":14,"column":3}},"line":8},"2":{"name":"(anonymous_2)","decl":{"start":{"line":16,"column":2},"end":{"line":16,"column":3}},"loc":{"start":{"line":16,"column":37},"end":{"line":25,"column":3}},"line":16}},"branchMap":{},"s":{"0":6,"1":0,"2":0,"3":0,"4":0},"f":{"0":6,"1":0,"2":0},"b":{},"_coverageSchema":"1a1c01bbd47fc00a2c39e90264f33305004495a9","hash":"e1f100ac23a915c1dcae18ec2b5c10162faf4f4c"}
,"/home/korichevalex/Documents/memium_react/src/api/ArticlesController.js": {"path":"/home/korichevalex/Documents/memium_react/src/api/ArticlesController.js","statementMap":{"0":{"start":{"line":5,"column":4},"end":{"line":5,"column":12}},"1":{"start":{"line":9,"column":4},"end":{"line":11,"column":6}},"2":{"start":{"line":10,"column":15},"end":{"line":10,"column":23}},"3":{"start":{"line":15,"column":4},"end":{"line":15,"column":65}},"4":{"start":{"line":19,"column":4},"end":{"line":19,"column":69}},"5":{"start":{"line":23,"column":4},"end":{"line":25,"column":6}},"6":{"start":{"line":24,"column":15},"end":{"line":24,"column":23}},"7":{"start":{"line":29,"column":4},"end":{"line":29,"column":51}},"8":{"start":{"line":33,"column":4},"end":{"line":33,"column":64}},"9":{"start":{"line":37,"column":4},"end":{"line":42,"column":7}},"10":{"start":{"line":41,"column":6},"end":{"line":41,"column":42}},"11":{"start":{"line":46,"column":4},"end":{"line":49,"column":25}},"12":{"start":{"line":53,"column":18},"end":{"line":59,"column":5}},"13":{"start":{"line":60,"column":4},"end":{"line":62,"column":5}},"14":{"start":{"line":61,"column":6},"end":{"line":61,"column":18}},"15":{"start":{"line":63,"column":4},"end":{"line":63,"column":43}}},"fnMap":{"0":{"name":"(anonymous_0)","decl":{"start":{"line":4,"column":2},"end":{"line":4,"column":3}},"loc":{"start":{"line":4,"column":16},"end":{"line":6,"column":3}},"line":4},"1":{"name":"(anonymous_1)","decl":{"start":{"line":8,"column":2},"end":{"line":8,"column":3}},"loc":{"start":{"line":8,"column":35},"end":{"line":12,"column":3}},"line":8},"2":{"name":"(anonymous_2)","decl":{"start":{"line":10,"column":6},"end":{"line":10,"column":7}},"loc":{"start":{"line":10,"column":15},"end":{"line":10,"column":23}},"line":10},"3":{"name":"(anonymous_3)","decl":{"start":{"line":14,"column":2},"end":{"line":14,"column":3}},"loc":{"start":{"line":14,"column":38},"end":{"line":16,"column":3}},"line":14},"4":{"name":"(anonymous_4)","decl":{"start":{"line":18,"column":2},"end":{"line":18,"column":3}},"loc":{"start":{"line":18,"column":34},"end":{"line":20,"column":3}},"line":18},"5":{"name":"(anonymous_5)","decl":{"start":{"line":22,"column":2},"end":{"line":22,"column":3}},"loc":{"start":{"line":22,"column":45},"end":{"line":26,"column":3}},"line":22},"6":{"name":"(anonymous_6)","decl":{"start":{"line":24,"column":6},"end":{"line":24,"column":7}},"loc":{"start":{"line":24,"column":15},"end":{"line":24,"column":23}},"line":24},"7":{"name":"(anonymous_7)","decl":{"start":{"line":28,"column":2},"end":{"line":28,"column":3}},"loc":{"start":{"line":28,"column":21},"end":{"line":30,"column":3}},"line":28},"8":{"name":"(anonymous_8)","decl":{"start":{"line":32,"column":2},"end":{"line":32,"column":3}},"loc":{"start":{"line":32,"column":33},"end":{"line":34,"column":3}},"line":32},"9":{"name":"(anonymous_9)","decl":{"start":{"line":36,"column":2},"end":{"line":36,"column":3}},"loc":{"start":{"line":36,"column":34},"end":{"line":43,"column":3}},"line":36},"10":{"name":"(anonymous_10)","decl":{"start":{"line":40,"column":12},"end":{"line":40,"column":13}},"loc":{"start":{"line":40,"column":21},"end":{"line":42,"column":5}},"line":40},"11":{"name":"(anonymous_11)","decl":{"start":{"line":45,"column":2},"end":{"line":45,"column":3}},"loc":{"start":{"line":45,"column":41},"end":{"line":50,"column":3}},"line":45},"12":{"name":"(anonymous_12)","decl":{"start":{"line":49,"column":12},"end":{"line":49,"column":13}},"loc":{"start":{"line":49,"column":21},"end":{"line":49,"column":23}},"line":49},"13":{"name":"(anonymous_13)","decl":{"start":{"line":52,"column":2},"end":{"line":52,"column":3}},"loc":{"start":{"line":52,"column":35},"end":{"line":64,"column":3}},"line":52}},"branchMap":{"0":{"loc":{"start":{"line":60,"column":4},"end":{"line":62,"column":5}},"type":"if","locations":[{"start":{"line":60,"column":4},"end":{"line":62,"column":5}},{"start":{"line":60,"column":4},"end":{"line":62,"column":5}}],"line":60}},"s":{"0":7,"1":0,"2":0,"3":0,"4":0,"5":0,"6":0,"7":0,"8":0,"9":0,"10":0,"11":0,"12":1,"13":0,"14":0,"15":0},"f":{"0":7,"1":0,"2":0,"3":0,"4":0,"5":0,"6":0,"7":0,"8":0,"9":0,"10":0,"11":0,"12":0,"13":1},"b":{"0":[0,0]},"_coverageSchema":"1a1c01bbd47fc00a2c39e90264f33305004495a9","hash":"e7d549898b9d13a0fca365c4fe74021c9b66ed59"}
,"/home/korichevalex/Documents/memium_react/src/api/CommentsController.js": {"path":"/home/korichevalex/Documents/memium_react/src/api/CommentsController.js","statementMap":{"0":{"start":{"line":5,"column":4},"end":{"line":5,"column":12}},"1":{"start":{"line":9,"column":21},"end":{"line":12,"column":6}},"2":{"start":{"line":13,"column":4},"end":{"line":13,"column":25}},"3":{"start":{"line":17,"column":21},"end":{"line":17,"column":74}},"4":{"start":{"line":18,"column":4},"end":{"line":18,"column":25}},"5":{"start":{"line":22,"column":21},"end":{"line":22,"column":76}},"6":{"start":{"line":23,"column":4},"end":{"line":23,"column":25}}},"fnMap":{"0":{"name":"(anonymous_0)","decl":{"start":{"line":4,"column":2},"end":{"line":4,"column":3}},"loc":{"start":{"line":4,"column":16},"end":{"line":6,"column":3}},"line":4},"1":{"name":"(anonymous_1)","decl":{"start":{"line":8,"column":2},"end":{"line":8,"column":3}},"loc":{"start":{"line":8,"column":42},"end":{"line":14,"column":3}},"line":8},"2":{"name":"(anonymous_2)","decl":{"start":{"line":16,"column":2},"end":{"line":16,"column":3}},"loc":{"start":{"line":16,"column":33},"end":{"line":19,"column":3}},"line":16},"3":{"name":"(anonymous_3)","decl":{"start":{"line":21,"column":2},"end":{"line":21,"column":3}},"loc":{"start":{"line":21,"column":31},"end":{"line":24,"column":3}},"line":21}},"branchMap":{},"s":{"0":3,"1":0,"2":0,"3":0,"4":0,"5":0,"6":0},"f":{"0":3,"1":0,"2":0,"3":0},"b":{},"_coverageSchema":"1a1c01bbd47fc00a2c39e90264f33305004495a9","hash":"16fcdee313082d2b1ec4206c2716d68c8660b74d"}
,"/home/korichevalex/Documents/memium_react/src/components/ArticleCard/index.js": {"path":"/home/korichevalex/Documents/memium_react/src/components/ArticleCard/index.js","statementMap":{"0":{"start":{"line":10,"column":18},"end":{"line":30,"column":2}},"1":{"start":{"line":32,"column":27},"end":{"line":106,"column":1}},"2":{"start":{"line":33,"column":18},"end":{"line":33,"column":30}},"3":{"start":{"line":34,"column":18},"end":{"line":34,"column":29}},"4":{"start":{"line":35,"column":38},"end":{"line":35,"column":50}},"5":{"start":{"line":36,"column":28},"end":{"line":36,"column":40}},"6":{"start":{"line":38,"column":2},"end":{"line":41,"column":16}},"7":{"start":{"line":39,"column":17},"end":{"line":39,"column":66}},"8":{"start":{"line":40,"column":4},"end":{"line":40,"column":19}},"9":{"start":{"line":43,"column":2},"end":{"line":47,"column":22}},"10":{"start":{"line":44,"column":4},"end":{"line":46,"column":6}},"11":{"start":{"line":45,"column":6},"end":{"line":45,"column":34}},"12":{"start":{"line":49,"column":21},"end":{"line":56,"column":3}},"13":{"start":{"line":50,"column":4},"end":{"line":50,"column":24}},"14":{"start":{"line":51,"column":4},"end":{"line":55,"column":5}},"15":{"start":{"line":52,"column":6},"end":{"line":52,"column":22}},"16":{"start":{"line":54,"column":6},"end":{"line":54,"column":24}},"17":{"start":{"line":57,"column":2},"end":{"line":105,"column":4}},"18":{"start":{"line":60,"column":21},"end":{"line":60,"column":56}}},"fnMap":{"0":{"name":"(anonymous_0)","decl":{"start":{"line":32,"column":27},"end":{"line":32,"column":28}},"loc":{"start":{"line":32,"column":66},"end":{"line":106,"column":1}},"line":32},"1":{"name":"(anonymous_1)","decl":{"start":{"line":38,"column":12},"end":{"line":38,"column":13}},"loc":{"start":{"line":38,"column":24},"end":{"line":41,"column":3}},"line":38},"2":{"name":"(anonymous_2)","decl":{"start":{"line":43,"column":12},"end":{"line":43,"column":13}},"loc":{"start":{"line":43,"column":18},"end":{"line":47,"column":3}},"line":43},"3":{"name":"(anonymous_3)","decl":{"start":{"line":44,"column":66},"end":{"line":44,"column":67}},"loc":{"start":{"line":45,"column":6},"end":{"line":45,"column":34}},"line":45},"4":{"name":"(anonymous_4)","decl":{"start":{"line":49,"column":21},"end":{"line":49,"column":22}},"loc":{"start":{"line":49,"column":28},"end":{"line":56,"column":3}},"line":49},"5":{"name":"(anonymous_5)","decl":{"start":{"line":60,"column":15},"end":{"line":60,"column":16}},"loc":{"start":{"line":60,"column":21},"end":{"line":60,"column":56}},"line":60}},"branchMap":{"0":{"loc":{"start":{"line":51,"column":4},"end":{"line":55,"column":5}},"type":"if","locations":[{"start":{"line":51,"column":4},"end":{"line":55,"column":5}},{"start":{"line":51,"column":4},"end":{"line":55,"column":5}}],"line":51},"1":{"loc":{"start":{"line":88,"column":17},"end":{"line":88,"column":66}},"type":"cond-expr","locations":[{"start":{"line":88,"column":25},"end":{"line":88,"column":41}},{"start":{"line":88,"column":44},"end":{"line":88,"column":66}}],"line":88}},"s":{"0":2,"1":2,"2":1,"3":1,"4":1,"5":1,"6":1,"7":1,"8":1,"9":1,"10":1,"11":1,"12":1,"13":0,"14":0,"15":0,"16":0,"17":1,"18":0},"f":{"0":1,"1":1,"2":1,"3":1,"4":0,"5":0},"b":{"0":[0,0],"1":[1,0]},"_coverageSchema":"1a1c01bbd47fc00a2c39e90264f33305004495a9","hash":"4b81f1b37cf7ea111ff75fda2694e802a49be361"}
,"/home/korichevalex/Documents/memium_react/src/containers/AppHeaderContainer.js": {"path":"/home/korichevalex/Documents/memium_react/src/containers/AppHeaderContainer.js","statementMap":{"0":{"start":{"line":6,"column":24},"end":{"line":10,"column":2}},"1":{"start":{"line":6,"column":36},"end":{"line":10,"column":1}},"2":{"start":{"line":12,"column":27},"end":{"line":15,"column":2}},"3":{"start":{"line":12,"column":42},"end":{"line":15,"column":1}},"4":{"start":{"line":13,"column":20},"end":{"line":13,"column":42}},"5":{"start":{"line":14,"column":18},"end":{"line":14,"column":36}},"6":{"start":{"line":17,"column":34},"end":{"line":20,"column":12}}},"fnMap":{"0":{"name":"(anonymous_0)","decl":{"start":{"line":6,"column":24},"end":{"line":6,"column":25}},"loc":{"start":{"line":6,"column":36},"end":{"line":10,"column":1}},"line":6},"1":{"name":"(anonymous_1)","decl":{"start":{"line":12,"column":27},"end":{"line":12,"column":28}},"loc":{"start":{"line":12,"column":42},"end":{"line":15,"column":1}},"line":12},"2":{"name":"(anonymous_2)","decl":{"start":{"line":13,"column":14},"end":{"line":13,"column":15}},"loc":{"start":{"line":13,"column":20},"end":{"line":13,"column":42}},"line":13},"3":{"name":"(anonymous_3)","decl":{"start":{"line":14,"column":12},"end":{"line":14,"column":13}},"loc":{"start":{"line":14,"column":18},"end":{"line":14,"column":36}},"line":14}},"branchMap":{},"s":{"0":2,"1":2,"2":2,"3":2,"4":0,"5":0,"6":2},"f":{"0":2,"1":2,"2":0,"3":0},"b":{},"_coverageSchema":"1a1c01bbd47fc00a2c39e90264f33305004495a9","hash":"73b89e1f023dc37857b9cab4761883cd8f9914a5"}
,"/home/korichevalex/Documents/memium_react/src/containers/ProfileHeaderContainer.js": {"path":"/home/korichevalex/Documents/memium_react/src/containers/ProfileHeaderContainer.js","statementMap":{"0":{"start":{"line":11,"column":24},"end":{"line":18,"column":2}},"1":{"start":{"line":11,"column":36},"end":{"line":18,"column":1}},"2":{"start":{"line":20,"column":27},"end":{"line":26,"column":2}},"3":{"start":{"line":20,"column":42},"end":{"line":26,"column":1}},"4":{"start":{"line":21,"column":21},"end":{"line":21,"column":44}},"5":{"start":{"line":22,"column":20},"end":{"line":22,"column":42}},"6":{"start":{"line":23,"column":18},"end":{"line":23,"column":38}},"7":{"start":{"line":24,"column":30},"end":{"line":24,"column":62}},"8":{"start":{"line":25,"column":28},"end":{"line":25,"column":58}},"9":{"start":{"line":28,"column":38},"end":{"line":31,"column":16}}},"fnMap":{"0":{"name":"(anonymous_0)","decl":{"start":{"line":11,"column":24},"end":{"line":11,"column":25}},"loc":{"start":{"line":11,"column":36},"end":{"line":18,"column":1}},"line":11},"1":{"name":"(anonymous_1)","decl":{"start":{"line":20,"column":27},"end":{"line":20,"column":28}},"loc":{"start":{"line":20,"column":42},"end":{"line":26,"column":1}},"line":20},"2":{"name":"(anonymous_2)","decl":{"start":{"line":21,"column":15},"end":{"line":21,"column":16}},"loc":{"start":{"line":21,"column":21},"end":{"line":21,"column":44}},"line":21},"3":{"name":"(anonymous_3)","decl":{"start":{"line":22,"column":14},"end":{"line":22,"column":15}},"loc":{"start":{"line":22,"column":20},"end":{"line":22,"column":42}},"line":22},"4":{"name":"(anonymous_4)","decl":{"start":{"line":23,"column":12},"end":{"line":23,"column":13}},"loc":{"start":{"line":23,"column":18},"end":{"line":23,"column":38}},"line":23},"5":{"name":"(anonymous_5)","decl":{"start":{"line":24,"column":17},"end":{"line":24,"column":18}},"loc":{"start":{"line":24,"column":30},"end":{"line":24,"column":62}},"line":24},"6":{"name":"(anonymous_6)","decl":{"start":{"line":25,"column":16},"end":{"line":25,"column":17}},"loc":{"start":{"line":25,"column":28},"end":{"line":25,"column":58}},"line":25}},"branchMap":{},"s":{"0":1,"1":2,"2":1,"3":2,"4":1,"5":1,"6":1,"7":0,"8":0,"9":1},"f":{"0":2,"1":2,"2":1,"3":1,"4":1,"5":0,"6":0},"b":{},"_coverageSchema":"1a1c01bbd47fc00a2c39e90264f33305004495a9","hash":"a416d4e648e117607370f0a9986587261981ed29"}
,"/home/korichevalex/Documents/memium_react/src/containers/ProfileTabContainer.js": {"path":"/home/korichevalex/Documents/memium_react/src/containers/ProfileTabContainer.js","statementMap":{"0":{"start":{"line":12,"column":24},"end":{"line":16,"column":2}},"1":{"start":{"line":12,"column":36},"end":{"line":16,"column":1}},"2":{"start":{"line":18,"column":27},"end":{"line":25,"column":2}},"3":{"start":{"line":18,"column":42},"end":{"line":25,"column":1}},"4":{"start":{"line":19,"column":16},"end":{"line":19,"column":34}},"5":{"start":{"line":20,"column":28},"end":{"line":20,"column":58}},"6":{"start":{"line":21,"column":19},"end":{"line":21,"column":44}},"7":{"start":{"line":22,"column":34},"end":{"line":22,"column":70}},"8":{"start":{"line":23,"column":18},"end":{"line":23,"column":38}},"9":{"start":{"line":24,"column":26},"end":{"line":24,"column":54}},"10":{"start":{"line":27,"column":35},"end":{"line":30,"column":13}}},"fnMap":{"0":{"name":"(anonymous_0)","decl":{"start":{"line":12,"column":24},"end":{"line":12,"column":25}},"loc":{"start":{"line":12,"column":36},"end":{"line":16,"column":1}},"line":12},"1":{"name":"(anonymous_1)","decl":{"start":{"line":18,"column":27},"end":{"line":18,"column":28}},"loc":{"start":{"line":18,"column":42},"end":{"line":25,"column":1}},"line":18},"2":{"name":"(anonymous_2)","decl":{"start":{"line":19,"column":10},"end":{"line":19,"column":11}},"loc":{"start":{"line":19,"column":16},"end":{"line":19,"column":34}},"line":19},"3":{"name":"(anonymous_3)","decl":{"start":{"line":20,"column":16},"end":{"line":20,"column":17}},"loc":{"start":{"line":20,"column":28},"end":{"line":20,"column":58}},"line":20},"4":{"name":"(anonymous_4)","decl":{"start":{"line":21,"column":13},"end":{"line":21,"column":14}},"loc":{"start":{"line":21,"column":19},"end":{"line":21,"column":44}},"line":21},"5":{"name":"(anonymous_5)","decl":{"start":{"line":22,"column":19},"end":{"line":22,"column":20}},"loc":{"start":{"line":22,"column":34},"end":{"line":22,"column":70}},"line":22},"6":{"name":"(anonymous_6)","decl":{"start":{"line":23,"column":12},"end":{"line":23,"column":13}},"loc":{"start":{"line":23,"column":18},"end":{"line":23,"column":38}},"line":23},"7":{"name":"(anonymous_7)","decl":{"start":{"line":24,"column":18},"end":{"line":24,"column":19}},"loc":{"start":{"line":24,"column":26},"end":{"line":24,"column":54}},"line":24}},"branchMap":{},"s":{"0":1,"1":4,"2":1,"3":4,"4":4,"5":0,"6":4,"7":0,"8":4,"9":0,"10":1},"f":{"0":4,"1":4,"2":4,"3":0,"4":4,"5":0,"6":4,"7":0},"b":{},"_coverageSchema":"1a1c01bbd47fc00a2c39e90264f33305004495a9","hash":"80fbb36607a83101e606ff4602e6d02eae625503"}
,"/home/korichevalex/Documents/memium_react/src/containers/SignupContainer.js": {"path":"/home/korichevalex/Documents/memium_react/src/containers/SignupContainer.js","statementMap":{"0":{"start":{"line":5,"column":27},"end":{"line":7,"column":2}},"1":{"start":{"line":5,"column":42},"end":{"line":7,"column":1}},"2":{"start":{"line":6,"column":26},"end":{"line":6,"column":59}},"3":{"start":{"line":9,"column":35},"end":{"line":12,"column":13}}},"fnMap":{"0":{"name":"(anonymous_0)","decl":{"start":{"line":5,"column":27},"end":{"line":5,"column":28}},"loc":{"start":{"line":5,"column":42},"end":{"line":7,"column":1}},"line":5},"1":{"name":"(anonymous_1)","decl":{"start":{"line":6,"column":12},"end":{"line":6,"column":13}},"loc":{"start":{"line":6,"column":26},"end":{"line":6,"column":59}},"line":6}},"branchMap":{},"s":{"0":1,"1":1,"2":0,"3":1},"f":{"0":1,"1":0},"b":{},"_coverageSchema":"1a1c01bbd47fc00a2c39e90264f33305004495a9","hash":"f474e941c5976b54bae2ea087826c47f0d4c2e07"}
,"/home/korichevalex/Documents/memium_react/src/pages/ArticleViewPage.js": {"path":"/home/korichevalex/Documents/memium_react/src/pages/ArticleViewPage.js","statementMap":{"0":{"start":{"line":11,"column":18},"end":{"line":19,"column":3}},"1":{"start":{"line":11,"column":36},"end":{"line":19,"column":1}},"2":{"start":{"line":21,"column":31},"end":{"line":41,"column":1}},"3":{"start":{"line":22,"column":18},"end":{"line":22,"column":29}},"4":{"start":{"line":23,"column":24},"end":{"line":23,"column":35}},"5":{"start":{"line":24,"column":19},"end":{"line":26,"column":3}},"6":{"start":{"line":25,"column":15},"end":{"line":25,"column":72}},"7":{"start":{"line":28,"column":2},"end":{"line":40,"column":4}}},"fnMap":{"0":{"name":"(anonymous_0)","decl":{"start":{"line":11,"column":29},"end":{"line":11,"column":30}},"loc":{"start":{"line":11,"column":36},"end":{"line":19,"column":1}},"line":11},"1":{"name":"(anonymous_1)","decl":{"start":{"line":21,"column":31},"end":{"line":21,"column":32}},"loc":{"start":{"line":21,"column":37},"end":{"line":41,"column":1}},"line":21},"2":{"name":"(anonymous_2)","decl":{"start":{"line":25,"column":4},"end":{"line":25,"column":5}},"loc":{"start":{"line":25,"column":15},"end":{"line":25,"column":72}},"line":25}},"branchMap":{"0":{"loc":{"start":{"line":31,"column":7},"end":{"line":31,"column":78}},"type":"binary-expr","locations":[{"start":{"line":31,"column":7},"end":{"line":31,"column":15}},{"start":{"line":31,"column":19},"end":{"line":31,"column":78}}],"line":31}},"s":{"0":1,"1":1,"2":1,"3":2,"4":1,"5":1,"6":3,"7":1},"f":{"0":1,"1":2,"2":3},"b":{"0":[1,0]},"_coverageSchema":"1a1c01bbd47fc00a2c39e90264f33305004495a9","hash":"2fe15194db17e784e50f9d029d26d1c69b8a9e89"}
,"/home/korichevalex/Documents/memium_react/src/redux/testData2.js": {"path":"/home/korichevalex/Documents/memium_react/src/redux/testData2.js","statementMap":{"0":{"start":{"line":1,"column":25},"end":{"line":133,"column":1}}},"fnMap":{},"branchMap":{},"s":{"0":1},"f":{},"b":{},"_coverageSchema":"1a1c01bbd47fc00a2c39e90264f33305004495a9","hash":"2e0fef0e1e974330e20daa386ccee36c9df727d1"}
,"/home/korichevalex/Documents/memium_react/src/redux/testHelper.jsx": {"path":"/home/korichevalex/Documents/memium_react/src/redux/testHelper.jsx","statementMap":{"0":{"start":{"line":6,"column":33},"end":{"line":6,"column":65}},"1":{"start":{"line":6,"column":39},"end":{"line":6,"column":65}},"2":{"start":{"line":8,"column":20},"end":{"line":8,"column":27}},"3":{"start":{"line":9,"column":18},"end":{"line":9,"column":49}},"4":{"start":{"line":11,"column":25},"end":{"line":18,"column":1}},"5":{"start":{"line":12,"column":18},"end":{"line":12,"column":63}},"6":{"start":{"line":13,"column":4},"end":{"line":17,"column":5}},"7":{"start":{"line":14,"column":8},"end":{"line":16,"column":19}}},"fnMap":{"0":{"name":"(anonymous_0)","decl":{"start":{"line":6,"column":33},"end":{"line":6,"column":34}},"loc":{"start":{"line":6,"column":39},"end":{"line":6,"column":65}},"line":6},"1":{"name":"(anonymous_1)","decl":{"start":{"line":11,"column":25},"end":{"line":11,"column":26}},"loc":{"start":{"line":11,"column":43},"end":{"line":18,"column":1}},"line":11},"2":{"name":"Wrapper","decl":{"start":{"line":13,"column":20},"end":{"line":13,"column":27}},"loc":{"start":{"line":13,"column":42},"end":{"line":17,"column":5}},"line":13}},"branchMap":{"0":{"loc":{"start":{"line":12,"column":28},"end":{"line":12,"column":62}},"type":"binary-expr","locations":[{"start":{"line":12,"column":28},"end":{"line":12,"column":40}},{"start":{"line":12,"column":44},"end":{"line":12,"column":62}}],"line":12}},"s":{"0":11,"1":10,"2":11,"3":11,"4":11,"5":14,"6":14,"7":14},"f":{"0":10,"1":14,"2":14},"b":{"0":[14,10]},"_coverageSchema":"1a1c01bbd47fc00a2c39e90264f33305004495a9","hash":"ccd99d562fc8e6f7059e14de9909274fd7d72e3b"}
,"/home/korichevalex/Documents/memium_react/src/redux/article/actions.js": {"path":"/home/korichevalex/Documents/memium_react/src/redux/article/actions.js","statementMap":{"0":{"start":{"line":5,"column":32},"end":{"line":5,"column":50}},"1":{"start":{"line":6,"column":30},"end":{"line":10,"column":2}},"2":{"start":{"line":6,"column":59},"end":{"line":10,"column":1}},"3":{"start":{"line":12,"column":34},"end":{"line":12,"column":54}},"4":{"start":{"line":13,"column":32},"end":{"line":16,"column":2}},"5":{"start":{"line":13,"column":48},"end":{"line":16,"column":1}},"6":{"start":{"line":18,"column":32},"end":{"line":21,"column":1}},"7":{"start":{"line":18,"column":47},"end":{"line":21,"column":1}},"8":{"start":{"line":19,"column":14},"end":{"line":19,"column":64}},"9":{"start":{"line":20,"column":2},"end":{"line":20,"column":48}},"10":{"start":{"line":23,"column":40},"end":{"line":26,"column":1}},"11":{"start":{"line":24,"column":14},"end":{"line":24,"column":71}},"12":{"start":{"line":25,"column":2},"end":{"line":25,"column":18}},"13":{"start":{"line":28,"column":31},"end":{"line":39,"column":1}},"14":{"start":{"line":28,"column":55},"end":{"line":39,"column":1}},"15":{"start":{"line":32,"column":16},"end":{"line":32,"column":58}},"16":{"start":{"line":34,"column":2},"end":{"line":38,"column":3}},"17":{"start":{"line":35,"column":4},"end":{"line":35,"column":33}},"18":{"start":{"line":37,"column":4},"end":{"line":37,"column":41}}},"fnMap":{"0":{"name":"(anonymous_0)","decl":{"start":{"line":6,"column":30},"end":{"line":6,"column":31}},"loc":{"start":{"line":6,"column":59},"end":{"line":10,"column":1}},"line":6},"1":{"name":"(anonymous_1)","decl":{"start":{"line":13,"column":32},"end":{"line":13,"column":33}},"loc":{"start":{"line":13,"column":48},"end":{"line":16,"column":1}},"line":13},"2":{"name":"(anonymous_2)","decl":{"start":{"line":18,"column":32},"end":{"line":18,"column":33}},"loc":{"start":{"line":18,"column":47},"end":{"line":21,"column":1}},"line":18},"3":{"name":"(anonymous_3)","decl":{"start":{"line":18,"column":47},"end":{"line":18,"column":48}},"loc":{"start":{"line":18,"column":67},"end":{"line":21,"column":1}},"line":18},"4":{"name":"(anonymous_4)","decl":{"start":{"line":23,"column":40},"end":{"line":23,"column":41}},"loc":{"start":{"line":23,"column":61},"end":{"line":26,"column":1}},"line":23},"5":{"name":"(anonymous_5)","decl":{"start":{"line":28,"column":31},"end":{"line":28,"column":32}},"loc":{"start":{"line":28,"column":55},"end":{"line":39,"column":1}},"line":28},"6":{"name":"(anonymous_6)","decl":{"start":{"line":28,"column":55},"end":{"line":28,"column":56}},"loc":{"start":{"line":31,"column":5},"end":{"line":39,"column":1}},"line":31}},"branchMap":{"0":{"loc":{"start":{"line":34,"column":2},"end":{"line":38,"column":3}},"type":"if","locations":[{"start":{"line":34,"column":2},"end":{"line":38,"column":3}},{"start":{"line":34,"column":2},"end":{"line":38,"column":3}}],"line":34}},"s":{"0":3,"1":3,"2":0,"3":3,"4":3,"5":0,"6":3,"7":0,"8":0,"9":0,"10":3,"11":0,"12":0,"13":3,"14":0,"15":0,"16":0,"17":0,"18":0},"f":{"0":0,"1":0,"2":0,"3":0,"4":0,"5":0,"6":0},"b":{"0":[0,0]},"_coverageSchema":"1a1c01bbd47fc00a2c39e90264f33305004495a9","hash":"142e1c791c855642a88feb39a02831ced36bef2a"}
,"/home/korichevalex/Documents/memium_react/src/redux/user/actions.js": {"path":"/home/korichevalex/Documents/memium_react/src/redux/user/actions.js","statementMap":{"0":{"start":{"line":4,"column":29},"end":{"line":4,"column":44}},"1":{"start":{"line":5,"column":35},"end":{"line":5,"column":56}},"2":{"start":{"line":6,"column":36},"end":{"line":6,"column":58}},"3":{"start":{"line":7,"column":30},"end":{"line":7,"column":46}},"4":{"start":{"line":8,"column":33},"end":{"line":8,"column":52}},"5":{"start":{"line":9,"column":27},"end":{"line":9,"column":40}},"6":{"start":{"line":10,"column":31},"end":{"line":10,"column":48}},"7":{"start":{"line":11,"column":25},"end":{"line":11,"column":36}},"8":{"start":{"line":12,"column":34},"end":{"line":12,"column":54}},"9":{"start":{"line":13,"column":28},"end":{"line":13,"column":42}},"10":{"start":{"line":14,"column":38},"end":{"line":14,"column":62}},"11":{"start":{"line":16,"column":27},"end":{"line":16,"column":40}},"12":{"start":{"line":17,"column":33},"end":{"line":17,"column":52}},"13":{"start":{"line":19,"column":29},"end":{"line":19,"column":44}},"14":{"start":{"line":20,"column":33},"end":{"line":20,"column":52}},"15":{"start":{"line":22,"column":40},"end":{"line":22,"column":66}},"16":{"start":{"line":23,"column":34},"end":{"line":23,"column":54}},"17":{"start":{"line":25,"column":31},"end":{"line":28,"column":2}},"18":{"start":{"line":25,"column":41},"end":{"line":28,"column":1}},"19":{"start":{"line":30,"column":32},"end":{"line":33,"column":2}},"20":{"start":{"line":30,"column":46},"end":{"line":33,"column":1}},"21":{"start":{"line":35,"column":29},"end":{"line":38,"column":2}},"22":{"start":{"line":35,"column":40},"end":{"line":38,"column":1}},"23":{"start":{"line":40,"column":27},"end":{"line":43,"column":2}},"24":{"start":{"line":40,"column":36},"end":{"line":43,"column":1}},"25":{"start":{"line":45,"column":29},"end":{"line":48,"column":2}},"26":{"start":{"line":45,"column":40},"end":{"line":48,"column":1}},"27":{"start":{"line":50,"column":34},"end":{"line":53,"column":2}},"28":{"start":{"line":50,"column":51},"end":{"line":53,"column":1}},"29":{"start":{"line":55,"column":27},"end":{"line":58,"column":2}},"30":{"start":{"line":55,"column":43},"end":{"line":58,"column":1}},"31":{"start":{"line":60,"column":33},"end":{"line":63,"column":2}},"32":{"start":{"line":60,"column":48},"end":{"line":63,"column":1}},"33":{"start":{"line":65,"column":36},"end":{"line":67,"column":2}},"34":{"start":{"line":65,"column":43},"end":{"line":67,"column":1}},"35":{"start":{"line":69,"column":37},"end":{"line":71,"column":2}},"36":{"start":{"line":69,"column":44},"end":{"line":71,"column":1}},"37":{"start":{"line":73,"column":34},"end":{"line":75,"column":2}},"38":{"start":{"line":73,"column":41},"end":{"line":75,"column":1}},"39":{"start":{"line":77,"column":36},"end":{"line":79,"column":2}},"40":{"start":{"line":77,"column":43},"end":{"line":79,"column":1}},"41":{"start":{"line":81,"column":32},"end":{"line":83,"column":2}},"42":{"start":{"line":81,"column":39},"end":{"line":83,"column":1}},"43":{"start":{"line":85,"column":35},"end":{"line":87,"column":2}},"44":{"start":{"line":85,"column":42},"end":{"line":87,"column":1}},"45":{"start":{"line":89,"column":34},"end":{"line":91,"column":2}},"46":{"start":{"line":89,"column":41},"end":{"line":91,"column":1}},"47":{"start":{"line":93,"column":40},"end":{"line":95,"column":2}},"48":{"start":{"line":93,"column":47},"end":{"line":95,"column":1}},"49":{"start":{"line":97,"column":26},"end":{"line":101,"column":1}},"50":{"start":{"line":97,"column":32},"end":{"line":101,"column":1}},"51":{"start":{"line":98,"column":2},"end":{"line":98,"column":35}},"52":{"start":{"line":99,"column":14},"end":{"line":99,"column":55}},"53":{"start":{"line":100,"column":2},"end":{"line":100,"column":33}},"54":{"start":{"line":103,"column":28},"end":{"line":107,"column":1}},"55":{"start":{"line":103,"column":40},"end":{"line":107,"column":1}},"56":{"start":{"line":104,"column":2},"end":{"line":104,"column":35}},"57":{"start":{"line":105,"column":14},"end":{"line":105,"column":59}},"58":{"start":{"line":106,"column":2},"end":{"line":106,"column":33}},"59":{"start":{"line":109,"column":27},"end":{"line":113,"column":1}},"60":{"start":{"line":109,"column":33},"end":{"line":113,"column":1}},"61":{"start":{"line":110,"column":2},"end":{"line":110,"column":36}},"62":{"start":{"line":111,"column":18},"end":{"line":111,"column":59}},"63":{"start":{"line":112,"column":2},"end":{"line":112,"column":38}},"64":{"start":{"line":115,"column":24},"end":{"line":119,"column":1}},"65":{"start":{"line":115,"column":30},"end":{"line":119,"column":1}},"66":{"start":{"line":116,"column":2},"end":{"line":116,"column":33}},"67":{"start":{"line":117,"column":15},"end":{"line":117,"column":60}},"68":{"start":{"line":118,"column":2},"end":{"line":118,"column":37}},"69":{"start":{"line":121,"column":29},"end":{"line":125,"column":1}},"70":{"start":{"line":121,"column":42},"end":{"line":125,"column":1}},"71":{"start":{"line":122,"column":2},"end":{"line":122,"column":35}},"72":{"start":{"line":123,"column":25},"end":{"line":123,"column":72}},"73":{"start":{"line":124,"column":2},"end":{"line":124,"column":50}},"74":{"start":{"line":127,"column":22},"end":{"line":131,"column":1}},"75":{"start":{"line":127,"column":28},"end":{"line":131,"column":1}},"76":{"start":{"line":128,"column":2},"end":{"line":128,"column":31}},"77":{"start":{"line":129,"column":13},"end":{"line":129,"column":50}},"78":{"start":{"line":130,"column":2},"end":{"line":130,"column":33}},"79":{"start":{"line":133,"column":28},"end":{"line":136,"column":1}},"80":{"start":{"line":133,"column":40},"end":{"line":136,"column":1}},"81":{"start":{"line":134,"column":13},"end":{"line":134,"column":62}},"82":{"start":{"line":135,"column":2},"end":{"line":135,"column":21}},"83":{"start":{"line":138,"column":29},"end":{"line":142,"column":1}},"84":{"start":{"line":138,"column":35},"end":{"line":142,"column":1}},"85":{"start":{"line":139,"column":2},"end":{"line":139,"column":34}},"86":{"start":{"line":140,"column":20},"end":{"line":140,"column":60}},"87":{"start":{"line":141,"column":2},"end":{"line":141,"column":47}},"88":{"start":{"line":144,"column":31},"end":{"line":147,"column":1}},"89":{"start":{"line":144,"column":46},"end":{"line":147,"column":1}},"90":{"start":{"line":145,"column":23},"end":{"line":145,"column":77}},"91":{"start":{"line":146,"column":2},"end":{"line":146,"column":28}},"92":{"start":{"line":149,"column":24},"end":{"line":153,"column":1}},"93":{"start":{"line":149,"column":43},"end":{"line":153,"column":1}},"94":{"start":{"line":150,"column":2},"end":{"line":150,"column":33}},"95":{"start":{"line":151,"column":15},"end":{"line":151,"column":49}},"96":{"start":{"line":152,"column":2},"end":{"line":152,"column":37}},"97":{"start":{"line":155,"column":24},"end":{"line":158,"column":1}},"98":{"start":{"line":155,"column":39},"end":{"line":158,"column":1}},"99":{"start":{"line":156,"column":21},"end":{"line":156,"column":65}},"100":{"start":{"line":157,"column":2},"end":{"line":157,"column":28}},"101":{"start":{"line":160,"column":25},"end":{"line":163,"column":1}},"102":{"start":{"line":160,"column":40},"end":{"line":163,"column":1}},"103":{"start":{"line":161,"column":21},"end":{"line":161,"column":66}},"104":{"start":{"line":162,"column":2},"end":{"line":162,"column":23}},"105":{"start":{"line":165,"column":30},"end":{"line":168,"column":1}},"106":{"start":{"line":165,"column":45},"end":{"line":168,"column":1}},"107":{"start":{"line":166,"column":21},"end":{"line":166,"column":71}},"108":{"start":{"line":167,"column":2},"end":{"line":167,"column":23}},"109":{"start":{"line":170,"column":28},"end":{"line":174,"column":1}},"110":{"start":{"line":170,"column":42},"end":{"line":174,"column":1}},"111":{"start":{"line":171,"column":2},"end":{"line":171,"column":33}},"112":{"start":{"line":172,"column":23},"end":{"line":172,"column":76}},"113":{"start":{"line":173,"column":2},"end":{"line":173,"column":45}},"114":{"start":{"line":176,"column":30},"end":{"line":180,"column":1}},"115":{"start":{"line":176,"column":36},"end":{"line":180,"column":1}},"116":{"start":{"line":177,"column":2},"end":{"line":177,"column":39}},"117":{"start":{"line":178,"column":21},"end":{"line":178,"column":58}},"118":{"start":{"line":179,"column":2},"end":{"line":179,"column":47}}},"fnMap":{"0":{"name":"(anonymous_0)","decl":{"start":{"line":25,"column":31},"end":{"line":25,"column":32}},"loc":{"start":{"line":25,"column":41},"end":{"line":28,"column":1}},"line":25},"1":{"name":"(anonymous_1)","decl":{"start":{"line":30,"column":32},"end":{"line":30,"column":33}},"loc":{"start":{"line":30,"column":46},"end":{"line":33,"column":1}},"line":30},"2":{"name":"(anonymous_2)","decl":{"start":{"line":35,"column":29},"end":{"line":35,"column":30}},"loc":{"start":{"line":35,"column":40},"end":{"line":38,"column":1}},"line":35},"3":{"name":"(anonymous_3)","decl":{"start":{"line":40,"column":27},"end":{"line":40,"column":28}},"loc":{"start":{"line":40,"column":36},"end":{"line":43,"column":1}},"line":40},"4":{"name":"(anonymous_4)","decl":{"start":{"line":45,"column":29},"end":{"line":45,"column":30}},"loc":{"start":{"line":45,"column":40},"end":{"line":48,"column":1}},"line":45},"5":{"name":"(anonymous_5)","decl":{"start":{"line":50,"column":34},"end":{"line":50,"column":35}},"loc":{"start":{"line":50,"column":51},"end":{"line":53,"column":1}},"line":50},"6":{"name":"(anonymous_6)","decl":{"start":{"line":55,"column":27},"end":{"line":55,"column":28}},"loc":{"start":{"line":55,"column":43},"end":{"line":58,"column":1}},"line":55},"7":{"name":"(anonymous_7)","decl":{"start":{"line":60,"column":33},"end":{"line":60,"column":34}},"loc":{"start":{"line":60,"column":48},"end":{"line":63,"column":1}},"line":60},"8":{"name":"(anonymous_8)","decl":{"start":{"line":65,"column":36},"end":{"line":65,"column":37}},"loc":{"start":{"line":65,"column":43},"end":{"line":67,"column":1}},"line":65},"9":{"name":"(anonymous_9)","decl":{"start":{"line":69,"column":37},"end":{"line":69,"column":38}},"loc":{"start":{"line":69,"column":44},"end":{"line":71,"column":1}},"line":69},"10":{"name":"(anonymous_10)","decl":{"start":{"line":73,"column":34},"end":{"line":73,"column":35}},"loc":{"start":{"line":73,"column":41},"end":{"line":75,"column":1}},"line":73},"11":{"name":"(anonymous_11)","decl":{"start":{"line":77,"column":36},"end":{"line":77,"column":37}},"loc":{"start":{"line":77,"column":43},"end":{"line":79,"column":1}},"line":77},"12":{"name":"(anonymous_12)","decl":{"start":{"line":81,"column":32},"end":{"line":81,"column":33}},"loc":{"start":{"line":81,"column":39},"end":{"line":83,"column":1}},"line":81},"13":{"name":"(anonymous_13)","decl":{"start":{"line":85,"column":35},"end":{"line":85,"column":36}},"loc":{"start":{"line":85,"column":42},"end":{"line":87,"column":1}},"line":85},"14":{"name":"(anonymous_14)","decl":{"start":{"line":89,"column":34},"end":{"line":89,"column":35}},"loc":{"start":{"line":89,"column":41},"end":{"line":91,"column":1}},"line":89},"15":{"name":"(anonymous_15)","decl":{"start":{"line":93,"column":40},"end":{"line":93,"column":41}},"loc":{"start":{"line":93,"column":47},"end":{"line":95,"column":1}},"line":93},"16":{"name":"(anonymous_16)","decl":{"start":{"line":97,"column":26},"end":{"line":97,"column":27}},"loc":{"start":{"line":97,"column":32},"end":{"line":101,"column":1}},"line":97},"17":{"name":"(anonymous_17)","decl":{"start":{"line":97,"column":32},"end":{"line":97,"column":33}},"loc":{"start":{"line":97,"column":52},"end":{"line":101,"column":1}},"line":97},"18":{"name":"(anonymous_18)","decl":{"start":{"line":103,"column":28},"end":{"line":103,"column":29}},"loc":{"start":{"line":103,"column":40},"end":{"line":107,"column":1}},"line":103},"19":{"name":"(anonymous_19)","decl":{"start":{"line":103,"column":40},"end":{"line":103,"column":41}},"loc":{"start":{"line":103,"column":60},"end":{"line":107,"column":1}},"line":103},"20":{"name":"(anonymous_20)","decl":{"start":{"line":109,"column":27},"end":{"line":109,"column":28}},"loc":{"start":{"line":109,"column":33},"end":{"line":113,"column":1}},"line":109},"21":{"name":"(anonymous_21)","decl":{"start":{"line":109,"column":33},"end":{"line":109,"column":34}},"loc":{"start":{"line":109,"column":53},"end":{"line":113,"column":1}},"line":109},"22":{"name":"(anonymous_22)","decl":{"start":{"line":115,"column":24},"end":{"line":115,"column":25}},"loc":{"start":{"line":115,"column":30},"end":{"line":119,"column":1}},"line":115},"23":{"name":"(anonymous_23)","decl":{"start":{"line":115,"column":30},"end":{"line":115,"column":31}},"loc":{"start":{"line":115,"column":50},"end":{"line":119,"column":1}},"line":115},"24":{"name":"(anonymous_24)","decl":{"start":{"line":121,"column":29},"end":{"line":121,"column":30}},"loc":{"start":{"line":121,"column":42},"end":{"line":125,"column":1}},"line":121},"25":{"name":"(anonymous_25)","decl":{"start":{"line":121,"column":42},"end":{"line":121,"column":43}},"loc":{"start":{"line":121,"column":62},"end":{"line":125,"column":1}},"line":121},"26":{"name":"(anonymous_26)","decl":{"start":{"line":127,"column":22},"end":{"line":127,"column":23}},"loc":{"start":{"line":127,"column":28},"end":{"line":131,"column":1}},"line":127},"27":{"name":"(anonymous_27)","decl":{"start":{"line":127,"column":28},"end":{"line":127,"column":29}},"loc":{"start":{"line":127,"column":48},"end":{"line":131,"column":1}},"line":127},"28":{"name":"(anonymous_28)","decl":{"start":{"line":133,"column":28},"end":{"line":133,"column":29}},"loc":{"start":{"line":133,"column":40},"end":{"line":136,"column":1}},"line":133},"29":{"name":"(anonymous_29)","decl":{"start":{"line":133,"column":40},"end":{"line":133,"column":41}},"loc":{"start":{"line":133,"column":60},"end":{"line":136,"column":1}},"line":133},"30":{"name":"(anonymous_30)","decl":{"start":{"line":138,"column":29},"end":{"line":138,"column":30}},"loc":{"start":{"line":138,"column":35},"end":{"line":142,"column":1}},"line":138},"31":{"name":"(anonymous_31)","decl":{"start":{"line":138,"column":35},"end":{"line":138,"column":36}},"loc":{"start":{"line":138,"column":55},"end":{"line":142,"column":1}},"line":138},"32":{"name":"(anonymous_32)","decl":{"start":{"line":144,"column":31},"end":{"line":144,"column":32}},"loc":{"start":{"line":144,"column":46},"end":{"line":147,"column":1}},"line":144},"33":{"name":"(anonymous_33)","decl":{"start":{"line":144,"column":46},"end":{"line":144,"column":47}},"loc":{"start":{"line":144,"column":66},"end":{"line":147,"column":1}},"line":144},"34":{"name":"(anonymous_34)","decl":{"start":{"line":149,"column":24},"end":{"line":149,"column":25}},"loc":{"start":{"line":149,"column":43},"end":{"line":153,"column":1}},"line":149},"35":{"name":"(anonymous_35)","decl":{"start":{"line":149,"column":43},"end":{"line":149,"column":44}},"loc":{"start":{"line":149,"column":63},"end":{"line":153,"column":1}},"line":149},"36":{"name":"(anonymous_36)","decl":{"start":{"line":155,"column":24},"end":{"line":155,"column":25}},"loc":{"start":{"line":155,"column":39},"end":{"line":158,"column":1}},"line":155},"37":{"name":"(anonymous_37)","decl":{"start":{"line":155,"column":39},"end":{"line":155,"column":40}},"loc":{"start":{"line":155,"column":59},"end":{"line":158,"column":1}},"line":155},"38":{"name":"(anonymous_38)","decl":{"start":{"line":160,"column":25},"end":{"line":160,"column":26}},"loc":{"start":{"line":160,"column":40},"end":{"line":163,"column":1}},"line":160},"39":{"name":"(anonymous_39)","decl":{"start":{"line":160,"column":40},"end":{"line":160,"column":41}},"loc":{"start":{"line":160,"column":60},"end":{"line":163,"column":1}},"line":160},"40":{"name":"(anonymous_40)","decl":{"start":{"line":165,"column":30},"end":{"line":165,"column":31}},"loc":{"start":{"line":165,"column":45},"end":{"line":168,"column":1}},"line":165},"41":{"name":"(anonymous_41)","decl":{"start":{"line":165,"column":45},"end":{"line":165,"column":46}},"loc":{"start":{"line":165,"column":65},"end":{"line":168,"column":1}},"line":165},"42":{"name":"(anonymous_42)","decl":{"start":{"line":170,"column":28},"end":{"line":170,"column":29}},"loc":{"start":{"line":170,"column":42},"end":{"line":174,"column":1}},"line":170},"43":{"name":"(anonymous_43)","decl":{"start":{"line":170,"column":42},"end":{"line":170,"column":43}},"loc":{"start":{"line":170,"column":62},"end":{"line":174,"column":1}},"line":170},"44":{"name":"(anonymous_44)","decl":{"start":{"line":176,"column":30},"end":{"line":176,"column":31}},"loc":{"start":{"line":176,"column":36},"end":{"line":180,"column":1}},"line":176},"45":{"name":"(anonymous_45)","decl":{"start":{"line":176,"column":36},"end":{"line":176,"column":37}},"loc":{"start":{"line":176,"column":56},"end":{"line":180,"column":1}},"line":176}},"branchMap":{},"s":{"0":3,"1":3,"2":3,"3":3,"4":3,"5":3,"6":3,"7":3,"8":3,"9":3,"10":3,"11":3,"12":3,"13":3,"14":3,"15":3,"16":3,"17":3,"18":0,"19":3,"20":0,"21":3,"22":0,"23":3,"24":0,"25":3,"26":0,"27":3,"28":0,"29":3,"30":0,"31":3,"32":0,"33":3,"34":0,"35":3,"36":0,"37":3,"38":0,"39":3,"40":0,"41":3,"42":0,"43":3,"44":0,"45":3,"46":0,"47":3,"48":0,"49":3,"50":0,"51":0,"52":0,"53":0,"54":3,"55":0,"56":0,"57":0,"58":0,"59":3,"60":0,"61":0,"62":0,"63":0,"64":3,"65":0,"66":0,"67":0,"68":0,"69":3,"70":0,"71":0,"72":0,"73":0,"74":3,"75":0,"76":0,"77":0,"78":0,"79":3,"80":0,"81":0,"82":0,"83":3,"84":0,"85":0,"86":0,"87":0,"88":3,"89":0,"90":0,"91":0,"92":3,"93":0,"94":0,"95":0,"96":0,"97":3,"98":0,"99":0,"100":0,"101":3,"102":0,"103":0,"104":0,"105":3,"106":0,"107":0,"108":0,"109":3,"110":0,"111":0,"112":0,"113":0,"114":3,"115":0,"116":0,"117":0,"118":0},"f":{"0":0,"1":0,"2":0,"3":0,"4":0,"5":0,"6":0,"7":0,"8":0,"9":0,"10":0,"11":0,"12":0,"13":0,"14":0,"15":0,"16":0,"17":0,"18":0,"19":0,"20":0,"21":0,"22":0,"23":0,"24":0,"25":0,"26":0,"27":0,"28":0,"29":0,"30":0,"31":0,"32":0,"33":0,"34":0,"35":0,"36":0,"37":0,"38":0,"39":0,"40":0,"41":0,"42":0,"43":0,"44":0,"45":0},"b":{},"_coverageSchema":"1a1c01bbd47fc00a2c39e90264f33305004495a9","hash":"1067d42671f19c39fed3096fad7f2715d2eb2c6e"}
,"/home/korichevalex/Documents/memium_react/src/redux/user/reducer.js": {"path":"/home/korichevalex/Documents/memium_react/src/redux/user/reducer.js","statementMap":{"0":{"start":{"line":20,"column":30},"end":{"line":24,"column":1}},"1":{"start":{"line":26,"column":24},"end":{"line":33,"column":1}},"2":{"start":{"line":35,"column":34},"end":{"line":41,"column":1}},"3":{"start":{"line":43,"column":33},"end":{"line":60,"column":1}},"4":{"start":{"line":44,"column":2},"end":{"line":59,"column":3}},"5":{"start":{"line":46,"column":6},"end":{"line":46,"column":23}},"6":{"start":{"line":48,"column":6},"end":{"line":48,"column":26}},"7":{"start":{"line":50,"column":6},"end":{"line":50,"column":24}},"8":{"start":{"line":52,"column":6},"end":{"line":52,"column":21}},"9":{"start":{"line":54,"column":6},"end":{"line":54,"column":21}},"10":{"start":{"line":56,"column":6},"end":{"line":56,"column":18}},"11":{"start":{"line":58,"column":6},"end":{"line":58,"column":22}},"12":{"start":{"line":62,"column":21},"end":{"line":81,"column":1}},"13":{"start":{"line":83,"column":27},"end":{"line":170,"column":1}},"14":{"start":{"line":84,"column":2},"end":{"line":169,"column":3}},"15":{"start":{"line":86,"column":6},"end":{"line":90,"column":8}},"16":{"start":{"line":92,"column":6},"end":{"line":95,"column":8}},"17":{"start":{"line":97,"column":6},"end":{"line":101,"column":8}},"18":{"start":{"line":103,"column":6},"end":{"line":106,"column":8}},"19":{"start":{"line":108,"column":6},"end":{"line":112,"column":8}},"20":{"start":{"line":114,"column":6},"end":{"line":117,"column":8}},"21":{"start":{"line":119,"column":6},"end":{"line":122,"column":8}},"22":{"start":{"line":124,"column":6},"end":{"line":128,"column":8}},"23":{"start":{"line":130,"column":6},"end":{"line":133,"column":8}},"24":{"start":{"line":135,"column":6},"end":{"line":139,"column":8}},"25":{"start":{"line":141,"column":6},"end":{"line":144,"column":8}},"26":{"start":{"line":146,"column":6},"end":{"line":150,"column":8}},"27":{"start":{"line":152,"column":6},"end":{"line":155,"column":8}},"28":{"start":{"line":157,"column":6},"end":{"line":161,"column":8}},"29":{"start":{"line":163,"column":6},"end":{"line":166,"column":8}},"30":{"start":{"line":168,"column":6},"end":{"line":168,"column":19}}},"fnMap":{"0":{"name":"(anonymous_0)","decl":{"start":{"line":43,"column":33},"end":{"line":43,"column":34}},"loc":{"start":{"line":43,"column":47},"end":{"line":60,"column":1}},"line":43},"1":{"name":"(anonymous_1)","decl":{"start":{"line":83,"column":27},"end":{"line":83,"column":28}},"loc":{"start":{"line":83,"column":61},"end":{"line":170,"column":1}},"line":83}},"branchMap":{"0":{"loc":{"start":{"line":44,"column":2},"end":{"line":59,"column":3}},"type":"switch","locations":[{"start":{"line":45,"column":4},"end":{"line":46,"column":23}},{"start":{"line":47,"column":4},"end":{"line":48,"column":26}},{"start":{"line":49,"column":4},"end":{"line":50,"column":24}},{"start":{"line":51,"column":4},"end":{"line":52,"column":21}},{"start":{"line":53,"column":4},"end":{"line":54,"column":21}},{"start":{"line":55,"column":4},"end":{"line":56,"column":18}},{"start":{"line":57,"column":4},"end":{"line":58,"column":22}}],"line":44},"1":{"loc":{"start":{"line":83,"column":28},"end":{"line":83,"column":48}},"type":"default-arg","locations":[{"start":{"line":83,"column":36},"end":{"line":83,"column":48}}],"line":83},"2":{"loc":{"start":{"line":84,"column":2},"end":{"line":169,"column":3}},"type":"switch","locations":[{"start":{"line":85,"column":4},"end":{"line":90,"column":8}},{"start":{"line":91,"column":4},"end":{"line":95,"column":8}},{"start":{"line":96,"column":4},"end":{"line":101,"column":8}},{"start":{"line":102,"column":4},"end":{"line":106,"column":8}},{"start":{"line":107,"column":4},"end":{"line":112,"column":8}},{"start":{"line":113,"column":4},"end":{"line":117,"column":8}},{"start":{"line":118,"column":4},"end":{"line":122,"column":8}},{"start":{"line":123,"column":4},"end":{"line":128,"column":8}},{"start":{"line":129,"column":4},"end":{"line":133,"column":8}},{"start":{"line":134,"column":4},"end":{"line":139,"column":8}},{"start":{"line":140,"column":4},"end":{"line":144,"column":8}},{"start":{"line":145,"column":4},"end":{"line":150,"column":8}},{"start":{"line":151,"column":4},"end":{"line":155,"column":8}},{"start":{"line":156,"column":4},"end":{"line":161,"column":8}},{"start":{"line":162,"column":4},"end":{"line":166,"column":8}},{"start":{"line":167,"column":4},"end":{"line":168,"column":19}}],"line":84}},"s":{"0":3,"1":3,"2":3,"3":3,"4":0,"5":0,"6":0,"7":0,"8":0,"9":0,"10":0,"11":0,"12":3,"13":3,"14":0,"15":0,"16":0,"17":0,"18":0,"19":0,"20":0,"21":0,"22":0,"23":0,"24":0,"25":0,"26":0,"27":0,"28":0,"29":0,"30":0},"f":{"0":0,"1":0},"b":{"0":[0,0,0,0,0,0,0],"1":[0],"2":[0,0,0,0,0,0,0,0,0,0,0,0,0,0,0,0]},"_coverageSchema":"1a1c01bbd47fc00a2c39e90264f33305004495a9","hash":"54488ef424d4cd567efc1282134d008ed8851ced"}
}
