{"/home/korichevalex/Documents/memium_react/src/index.js": {"path":"/home/korichevalex/Documents/memium_react/src/index.js","statementMap":{"0":{"start":{"line":5,"column":0},"end":{"line":5,"column":58}}},"fnMap":{},"branchMap":{},"s":{"0":0},"f":{},"b":{}}
,"/home/korichevalex/Documents/memium_react/src/api/AccountOpenController.js": {"path":"/home/korichevalex/Documents/memium_react/src/api/AccountOpenController.js","statementMap":{"0":{"start":{"line":5,"column":4},"end":{"line":5,"column":12}},"1":{"start":{"line":9,"column":20},"end":{"line":12,"column":5}},"2":{"start":{"line":13,"column":4},"end":{"line":13,"column":19}},"3":{"start":{"line":17,"column":19},"end":{"line":23,"column":5}},"4":{"start":{"line":24,"column":4},"end":{"line":24,"column":44}}},"fnMap":{"0":{"name":"(anonymous_0)","decl":{"start":{"line":4,"column":2},"end":{"line":4,"column":3}},"loc":{"start":{"line":4,"column":16},"end":{"line":6,"column":3}},"line":4},"1":{"name":"(anonymous_1)","decl":{"start":{"line":8,"column":2},"end":{"line":8,"column":3}},"loc":{"start":{"line":8,"column":38},"end":{"line":14,"column":3}},"line":8},"2":{"name":"(anonymous_2)","decl":{"start":{"line":16,"column":2},"end":{"line":16,"column":3}},"loc":{"start":{"line":16,"column":37},"end":{"line":25,"column":3}},"line":16}},"branchMap":{},"s":{"0":8,"1":0,"2":0,"3":0,"4":0},"f":{"0":8,"1":0,"2":0},"b":{},"_coverageSchema":"1a1c01bbd47fc00a2c39e90264f33305004495a9","hash":"e1f100ac23a915c1dcae18ec2b5c10162faf4f4c"}
,"/home/korichevalex/Documents/memium_react/src/api/AccountsController.js": {"path":"/home/korichevalex/Documents/memium_react/src/api/AccountsController.js","statementMap":{"0":{"start":{"line":5,"column":4},"end":{"line":5,"column":12}},"1":{"start":{"line":9,"column":19},"end":{"line":11,"column":6}},"2":{"start":{"line":12,"column":4},"end":{"line":12,"column":44}},"3":{"start":{"line":16,"column":26},"end":{"line":23,"column":5}},"4":{"start":{"line":24,"column":4},"end":{"line":24,"column":51}},"5":{"start":{"line":28,"column":20},"end":{"line":28,"column":65}},"6":{"start":{"line":29,"column":27},"end":{"line":34,"column":6}},"7":{"start":{"line":30,"column":6},"end":{"line":32,"column":7}},"8":{"start":{"line":31,"column":8},"end":{"line":31,"column":25}},"9":{"start":{"line":33,"column":6},"end":{"line":33,"column":26}},"10":{"start":{"line":35,"column":4},"end":{"line":35,"column":46}},"11":{"start":{"line":39,"column":18},"end":{"line":39,"column":58}},"12":{"start":{"line":40,"column":4},"end":{"line":40,"column":17}},"13":{"start":{"line":44,"column":21},"end":{"line":44,"column":72}},"14":{"start":{"line":45,"column":4},"end":{"line":45,"column":20}},"15":{"start":{"line":49,"column":25},"end":{"line":49,"column":78}},"16":{"start":{"line":50,"column":4},"end":{"line":50,"column":24}},"17":{"start":{"line":54,"column":18},"end":{"line":54,"column":60}},"18":{"start":{"line":55,"column":4},"end":{"line":55,"column":17}},"19":{"start":{"line":59,"column":17},"end":{"line":59,"column":73}},"20":{"start":{"line":60,"column":4},"end":{"line":60,"column":16}},"21":{"start":{"line":64,"column":25},"end":{"line":67,"column":5}},"22":{"start":{"line":68,"column":4},"end":{"line":68,"column":24}},"23":{"start":{"line":72,"column":23},"end":{"line":72,"column":79}},"24":{"start":{"line":73,"column":4},"end":{"line":73,"column":22}},"25":{"start":{"line":77,"column":17},"end":{"line":77,"column":52}},"26":{"start":{"line":78,"column":4},"end":{"line":78,"column":16}},"27":{"start":{"line":82,"column":17},"end":{"line":82,"column":74}},"28":{"start":{"line":83,"column":4},"end":{"line":83,"column":16}},"29":{"start":{"line":87,"column":20},"end":{"line":87,"column":66}},"30":{"start":{"line":88,"column":4},"end":{"line":88,"column":19}},"31":{"start":{"line":92,"column":18},"end":{"line":92,"column":59}},"32":{"start":{"line":93,"column":4},"end":{"line":93,"column":17}},"33":{"start":{"line":97,"column":19},"end":{"line":97,"column":74}},"34":{"start":{"line":98,"column":4},"end":{"line":98,"column":18}},"35":{"start":{"line":102,"column":19},"end":{"line":102,"column":76}},"36":{"start":{"line":103,"column":4},"end":{"line":103,"column":18}},"37":{"start":{"line":107,"column":25},"end":{"line":107,"column":79}},"38":{"start":{"line":108,"column":4},"end":{"line":108,"column":24}},"39":{"start":{"line":112,"column":27},"end":{"line":116,"column":5}},"40":{"start":{"line":117,"column":4},"end":{"line":117,"column":26}}},"fnMap":{"0":{"name":"(anonymous_0)","decl":{"start":{"line":4,"column":2},"end":{"line":4,"column":3}},"loc":{"start":{"line":4,"column":16},"end":{"line":6,"column":3}},"line":4},"1":{"name":"(anonymous_1)","decl":{"start":{"line":8,"column":2},"end":{"line":8,"column":3}},"loc":{"start":{"line":8,"column":25},"end":{"line":13,"column":3}},"line":8},"2":{"name":"(anonymous_2)","decl":{"start":{"line":15,"column":2},"end":{"line":15,"column":3}},"loc":{"start":{"line":15,"column":29},"end":{"line":25,"column":3}},"line":15},"3":{"name":"(anonymous_3)","decl":{"start":{"line":27,"column":2},"end":{"line":27,"column":3}},"loc":{"start":{"line":27,"column":25},"end":{"line":36,"column":3}},"line":27},"4":{"name":"(anonymous_4)","decl":{"start":{"line":29,"column":60},"end":{"line":29,"column":61}},"loc":{"start":{"line":29,"column":78},"end":{"line":34,"column":5}},"line":29},"5":{"name":"(anonymous_5)","decl":{"start":{"line":38,"column":2},"end":{"line":38,"column":3}},"loc":{"start":{"line":38,"column":21},"end":{"line":41,"column":3}},"line":38},"6":{"name":"(anonymous_6)","decl":{"start":{"line":43,"column":2},"end":{"line":43,"column":3}},"loc":{"start":{"line":43,"column":23},"end":{"line":46,"column":3}},"line":43},"7":{"name":"(anonymous_7)","decl":{"start":{"line":48,"column":2},"end":{"line":48,"column":3}},"loc":{"start":{"line":48,"column":33},"end":{"line":51,"column":3}},"line":48},"8":{"name":"(anonymous_8)","decl":{"start":{"line":53,"column":2},"end":{"line":53,"column":3}},"loc":{"start":{"line":53,"column":24},"end":{"line":56,"column":3}},"line":53},"9":{"name":"(anonymous_9)","decl":{"start":{"line":58,"column":2},"end":{"line":58,"column":3}},"loc":{"start":{"line":58,"column":28},"end":{"line":61,"column":3}},"line":58},"10":{"name":"(anonymous_10)","decl":{"start":{"line":63,"column":2},"end":{"line":63,"column":3}},"loc":{"start":{"line":63,"column":38},"end":{"line":69,"column":3}},"line":63},"11":{"name":"(anonymous_11)","decl":{"start":{"line":71,"column":2},"end":{"line":71,"column":3}},"loc":{"start":{"line":71,"column":28},"end":{"line":74,"column":3}},"line":71},"12":{"name":"(anonymous_12)","decl":{"start":{"line":76,"column":2},"end":{"line":76,"column":3}},"loc":{"start":{"line":76,"column":18},"end":{"line":79,"column":3}},"line":76},"13":{"name":"(anonymous_13)","decl":{"start":{"line":81,"column":2},"end":{"line":81,"column":3}},"loc":{"start":{"line":81,"column":37},"end":{"line":84,"column":3}},"line":81},"14":{"name":"(anonymous_14)","decl":{"start":{"line":86,"column":2},"end":{"line":86,"column":3}},"loc":{"start":{"line":86,"column":36},"end":{"line":89,"column":3}},"line":86},"15":{"name":"(anonymous_15)","decl":{"start":{"line":91,"column":2},"end":{"line":91,"column":3}},"loc":{"start":{"line":91,"column":29},"end":{"line":94,"column":3}},"line":91},"16":{"name":"(anonymous_16)","decl":{"start":{"line":96,"column":2},"end":{"line":96,"column":3}},"loc":{"start":{"line":96,"column":29},"end":{"line":99,"column":3}},"line":96},"17":{"name":"(anonymous_17)","decl":{"start":{"line":101,"column":2},"end":{"line":101,"column":3}},"loc":{"start":{"line":101,"column":34},"end":{"line":104,"column":3}},"line":101},"18":{"name":"(anonymous_18)","decl":{"start":{"line":106,"column":2},"end":{"line":106,"column":3}},"loc":{"start":{"line":106,"column":38},"end":{"line":109,"column":3}},"line":106},"19":{"name":"(anonymous_19)","decl":{"start":{"line":111,"column":2},"end":{"line":111,"column":3}},"loc":{"start":{"line":111,"column":31},"end":{"line":118,"column":3}},"line":111}},"branchMap":{"0":{"loc":{"start":{"line":30,"column":6},"end":{"line":32,"column":7}},"type":"if","locations":[{"start":{"line":30,"column":6},"end":{"line":32,"column":7}},{"start":{"line":30,"column":6},"end":{"line":32,"column":7}}],"line":30}},"s":{"0":6,"1":0,"2":0,"3":0,"4":0,"5":0,"6":0,"7":0,"8":0,"9":0,"10":0,"11":0,"12":0,"13":0,"14":0,"15":0,"16":0,"17":0,"18":0,"19":0,"20":0,"21":0,"22":0,"23":0,"24":0,"25":0,"26":0,"27":0,"28":0,"29":0,"30":0,"31":0,"32":0,"33":0,"34":0,"35":0,"36":0,"37":0,"38":0,"39":0,"40":0},"f":{"0":6,"1":0,"2":0,"3":0,"4":0,"5":0,"6":0,"7":0,"8":0,"9":0,"10":0,"11":0,"12":0,"13":0,"14":0,"15":0,"16":0,"17":0,"18":0,"19":0},"b":{"0":[0,0]},"_coverageSchema":"1a1c01bbd47fc00a2c39e90264f33305004495a9","hash":"4e5e302d727e86b447a81a82bad69b2e0a88cff0"}
,"/home/korichevalex/Documents/memium_react/src/api/ApiController.js": {"path":"/home/korichevalex/Documents/memium_react/src/api/ApiController.js","statementMap":{"0":{"start":{"line":2,"column":24},"end":{"line":2,"column":30}},"1":{"start":{"line":3,"column":0},"end":{"line":3,"column":34}},"2":{"start":{"line":7,"column":4},"end":{"line":7,"column":23}},"3":{"start":{"line":8,"column":4},"end":{"line":8,"column":64}},"4":{"start":{"line":12,"column":21},"end":{"line":12,"column":64}},"5":{"start":{"line":13,"column":4},"end":{"line":13,"column":20}},"6":{"start":{"line":17,"column":4},"end":{"line":24,"column":5}},"7":{"start":{"line":18,"column":6},"end":{"line":20,"column":34}},"8":{"start":{"line":21,"column":6},"end":{"line":21,"column":56}},"9":{"start":{"line":23,"column":6},"end":{"line":23,"column":65}}},"fnMap":{"0":{"name":"(anonymous_0)","decl":{"start":{"line":6,"column":2},"end":{"line":6,"column":3}},"loc":{"start":{"line":6,"column":16},"end":{"line":9,"column":3}},"line":6},"1":{"name":"(anonymous_1)","decl":{"start":{"line":11,"column":2},"end":{"line":11,"column":3}},"loc":{"start":{"line":11,"column":53},"end":{"line":14,"column":3}},"line":11},"2":{"name":"(anonymous_2)","decl":{"start":{"line":16,"column":2},"end":{"line":16,"column":3}},"loc":{"start":{"line":16,"column":32},"end":{"line":25,"column":3}},"line":16}},"branchMap":{"0":{"loc":{"start":{"line":11,"column":29},"end":{"line":11,"column":38}},"type":"default-arg","locations":[{"start":{"line":11,"column":36},"end":{"line":11,"column":38}}],"line":11},"1":{"loc":{"start":{"line":11,"column":40},"end":{"line":11,"column":51}},"type":"default-arg","locations":[{"start":{"line":11,"column":49},"end":{"line":11,"column":51}}],"line":11},"2":{"loc":{"start":{"line":17,"column":4},"end":{"line":24,"column":5}},"type":"if","locations":[{"start":{"line":17,"column":4},"end":{"line":24,"column":5}},{"start":{"line":17,"column":4},"end":{"line":24,"column":5}}],"line":17}},"s":{"0":24,"1":24,"2":33,"3":33,"4":1,"5":0,"6":33,"7":0,"8":0,"9":33},"f":{"0":33,"1":1,"2":33},"b":{"0":[0],"1":[1],"2":[0,33]},"_coverageSchema":"1a1c01bbd47fc00a2c39e90264f33305004495a9","hash":"d74e678b3418a4be85f5bf77be9963974cb97f94"}
,"/home/korichevalex/Documents/memium_react/src/api/ArticlesController.js": {"path":"/home/korichevalex/Documents/memium_react/src/api/ArticlesController.js","statementMap":{"0":{"start":{"line":5,"column":4},"end":{"line":5,"column":12}},"1":{"start":{"line":9,"column":4},"end":{"line":11,"column":6}},"2":{"start":{"line":10,"column":15},"end":{"line":10,"column":23}},"3":{"start":{"line":15,"column":4},"end":{"line":15,"column":65}},"4":{"start":{"line":19,"column":4},"end":{"line":19,"column":69}},"5":{"start":{"line":23,"column":4},"end":{"line":25,"column":6}},"6":{"start":{"line":24,"column":15},"end":{"line":24,"column":23}},"7":{"start":{"line":29,"column":4},"end":{"line":29,"column":51}},"8":{"start":{"line":33,"column":4},"end":{"line":33,"column":64}},"9":{"start":{"line":37,"column":4},"end":{"line":42,"column":7}},"10":{"start":{"line":41,"column":6},"end":{"line":41,"column":42}},"11":{"start":{"line":46,"column":4},"end":{"line":49,"column":25}},"12":{"start":{"line":53,"column":18},"end":{"line":59,"column":5}},"13":{"start":{"line":60,"column":4},"end":{"line":62,"column":5}},"14":{"start":{"line":61,"column":6},"end":{"line":61,"column":18}},"15":{"start":{"line":63,"column":4},"end":{"line":63,"column":43}}},"fnMap":{"0":{"name":"(anonymous_0)","decl":{"start":{"line":4,"column":2},"end":{"line":4,"column":3}},"loc":{"start":{"line":4,"column":16},"end":{"line":6,"column":3}},"line":4},"1":{"name":"(anonymous_1)","decl":{"start":{"line":8,"column":2},"end":{"line":8,"column":3}},"loc":{"start":{"line":8,"column":35},"end":{"line":12,"column":3}},"line":8},"2":{"name":"(anonymous_2)","decl":{"start":{"line":10,"column":6},"end":{"line":10,"column":7}},"loc":{"start":{"line":10,"column":15},"end":{"line":10,"column":23}},"line":10},"3":{"name":"(anonymous_3)","decl":{"start":{"line":14,"column":2},"end":{"line":14,"column":3}},"loc":{"start":{"line":14,"column":38},"end":{"line":16,"column":3}},"line":14},"4":{"name":"(anonymous_4)","decl":{"start":{"line":18,"column":2},"end":{"line":18,"column":3}},"loc":{"start":{"line":18,"column":34},"end":{"line":20,"column":3}},"line":18},"5":{"name":"(anonymous_5)","decl":{"start":{"line":22,"column":2},"end":{"line":22,"column":3}},"loc":{"start":{"line":22,"column":45},"end":{"line":26,"column":3}},"line":22},"6":{"name":"(anonymous_6)","decl":{"start":{"line":24,"column":6},"end":{"line":24,"column":7}},"loc":{"start":{"line":24,"column":15},"end":{"line":24,"column":23}},"line":24},"7":{"name":"(anonymous_7)","decl":{"start":{"line":28,"column":2},"end":{"line":28,"column":3}},"loc":{"start":{"line":28,"column":21},"end":{"line":30,"column":3}},"line":28},"8":{"name":"(anonymous_8)","decl":{"start":{"line":32,"column":2},"end":{"line":32,"column":3}},"loc":{"start":{"line":32,"column":33},"end":{"line":34,"column":3}},"line":32},"9":{"name":"(anonymous_9)","decl":{"start":{"line":36,"column":2},"end":{"line":36,"column":3}},"loc":{"start":{"line":36,"column":34},"end":{"line":43,"column":3}},"line":36},"10":{"name":"(anonymous_10)","decl":{"start":{"line":40,"column":12},"end":{"line":40,"column":13}},"loc":{"start":{"line":40,"column":21},"end":{"line":42,"column":5}},"line":40},"11":{"name":"(anonymous_11)","decl":{"start":{"line":45,"column":2},"end":{"line":45,"column":3}},"loc":{"start":{"line":45,"column":41},"end":{"line":50,"column":3}},"line":45},"12":{"name":"(anonymous_12)","decl":{"start":{"line":49,"column":12},"end":{"line":49,"column":13}},"loc":{"start":{"line":49,"column":21},"end":{"line":49,"column":23}},"line":49},"13":{"name":"(anonymous_13)","decl":{"start":{"line":52,"column":2},"end":{"line":52,"column":3}},"loc":{"start":{"line":52,"column":35},"end":{"line":64,"column":3}},"line":52}},"branchMap":{"0":{"loc":{"start":{"line":60,"column":4},"end":{"line":62,"column":5}},"type":"if","locations":[{"start":{"line":60,"column":4},"end":{"line":62,"column":5}},{"start":{"line":60,"column":4},"end":{"line":62,"column":5}}],"line":60}},"s":{"0":11,"1":0,"2":0,"3":0,"4":0,"5":0,"6":0,"7":0,"8":0,"9":0,"10":0,"11":0,"12":1,"13":0,"14":0,"15":0},"f":{"0":11,"1":0,"2":0,"3":0,"4":0,"5":0,"6":0,"7":0,"8":0,"9":0,"10":0,"11":0,"12":0,"13":1},"b":{"0":[0,0]},"_coverageSchema":"1a1c01bbd47fc00a2c39e90264f33305004495a9","hash":"e7d549898b9d13a0fca365c4fe74021c9b66ed59"}
,"/home/korichevalex/Documents/memium_react/src/api/AuthController.js": {"path":"/home/korichevalex/Documents/memium_react/src/api/AuthController.js","statementMap":{"0":{"start":{"line":5,"column":4},"end":{"line":5,"column":12}},"1":{"start":{"line":9,"column":26},"end":{"line":9,"column":77}},"2":{"start":{"line":10,"column":4},"end":{"line":10,"column":25}},"3":{"start":{"line":14,"column":27},"end":{"line":14,"column":68}},"4":{"start":{"line":15,"column":4},"end":{"line":15,"column":26}},"5":{"start":{"line":19,"column":27},"end":{"line":23,"column":5}},"6":{"start":{"line":24,"column":4},"end":{"line":24,"column":26}}},"fnMap":{"0":{"name":"(anonymous_0)","decl":{"start":{"line":4,"column":2},"end":{"line":4,"column":3}},"loc":{"start":{"line":4,"column":16},"end":{"line":6,"column":3}},"line":4},"1":{"name":"(anonymous_1)","decl":{"start":{"line":8,"column":2},"end":{"line":8,"column":3}},"loc":{"start":{"line":8,"column":25},"end":{"line":11,"column":3}},"line":8},"2":{"name":"(anonymous_2)","decl":{"start":{"line":13,"column":2},"end":{"line":13,"column":3}},"loc":{"start":{"line":13,"column":17},"end":{"line":16,"column":3}},"line":13},"3":{"name":"(anonymous_3)","decl":{"start":{"line":18,"column":2},"end":{"line":18,"column":3}},"loc":{"start":{"line":18,"column":27},"end":{"line":25,"column":3}},"line":18}},"branchMap":{},"s":{"0":5,"1":0,"2":0,"3":0,"4":0,"5":0,"6":0},"f":{"0":5,"1":0,"2":0,"3":0},"b":{},"_coverageSchema":"1a1c01bbd47fc00a2c39e90264f33305004495a9","hash":"37a7b772c719571e85094c5c239732351f9265d2"}
,"/home/korichevalex/Documents/memium_react/src/api/CommentsController.js": {"path":"/home/korichevalex/Documents/memium_react/src/api/CommentsController.js","statementMap":{"0":{"start":{"line":5,"column":4},"end":{"line":5,"column":12}},"1":{"start":{"line":9,"column":21},"end":{"line":12,"column":6}},"2":{"start":{"line":13,"column":4},"end":{"line":13,"column":25}},"3":{"start":{"line":17,"column":21},"end":{"line":17,"column":74}},"4":{"start":{"line":18,"column":4},"end":{"line":18,"column":25}},"5":{"start":{"line":22,"column":21},"end":{"line":22,"column":76}},"6":{"start":{"line":23,"column":4},"end":{"line":23,"column":25}}},"fnMap":{"0":{"name":"(anonymous_0)","decl":{"start":{"line":4,"column":2},"end":{"line":4,"column":3}},"loc":{"start":{"line":4,"column":16},"end":{"line":6,"column":3}},"line":4},"1":{"name":"(anonymous_1)","decl":{"start":{"line":8,"column":2},"end":{"line":8,"column":3}},"loc":{"start":{"line":8,"column":42},"end":{"line":14,"column":3}},"line":8},"2":{"name":"(anonymous_2)","decl":{"start":{"line":16,"column":2},"end":{"line":16,"column":3}},"loc":{"start":{"line":16,"column":33},"end":{"line":19,"column":3}},"line":16},"3":{"name":"(anonymous_3)","decl":{"start":{"line":21,"column":2},"end":{"line":21,"column":3}},"loc":{"start":{"line":21,"column":31},"end":{"line":24,"column":3}},"line":21}},"branchMap":{},"s":{"0":3,"1":0,"2":0,"3":0,"4":0,"5":0,"6":0},"f":{"0":3,"1":0,"2":0,"3":0},"b":{},"_coverageSchema":"1a1c01bbd47fc00a2c39e90264f33305004495a9","hash":"16fcdee313082d2b1ec4206c2716d68c8660b74d"}
,"/home/korichevalex/Documents/memium_react/src/components/App.js": {"path":"/home/korichevalex/Documents/memium_react/src/components/App.js","statementMap":{"0":{"start":{"line":20,"column":0},"end":{"line":20,"column":52}},"1":{"start":{"line":21,"column":0},"end":{"line":21,"column":53}},"2":{"start":{"line":23,"column":14},"end":{"line":23,"column":30}},"3":{"start":{"line":25,"column":12},"end":{"line":71,"column":1}},"4":{"start":{"line":26,"column":2},"end":{"line":31,"column":9}},"5":{"start":{"line":27,"column":4},"end":{"line":27,"column":44}},"6":{"start":{"line":28,"column":4},"end":{"line":30,"column":5}},"7":{"start":{"line":29,"column":6},"end":{"line":29,"column":36}},"8":{"start":{"line":33,"column":2},"end":{"line":70,"column":4}},"9":{"start":{"line":66,"column":40},"end":{"line":66,"column":63}}},"fnMap":{"0":{"name":"(anonymous_0)","decl":{"start":{"line":25,"column":12},"end":{"line":25,"column":13}},"loc":{"start":{"line":25,"column":18},"end":{"line":71,"column":1}},"line":25},"1":{"name":"(anonymous_1)","decl":{"start":{"line":26,"column":12},"end":{"line":26,"column":13}},"loc":{"start":{"line":26,"column":18},"end":{"line":31,"column":3}},"line":26},"2":{"name":"(anonymous_2)","decl":{"start":{"line":66,"column":34},"end":{"line":66,"column":35}},"loc":{"start":{"line":66,"column":40},"end":{"line":66,"column":63}},"line":66}},"branchMap":{"0":{"loc":{"start":{"line":28,"column":4},"end":{"line":30,"column":5}},"type":"if","locations":[{"start":{"line":28,"column":4},"end":{"line":30,"column":5}},{"start":{"line":28,"column":4},"end":{"line":30,"column":5}}],"line":28}},"s":{"0":0,"1":0,"2":0,"3":0,"4":0,"5":0,"6":0,"7":0,"8":0,"9":0},"f":{"0":0,"1":0,"2":0},"b":{"0":[0,0]}}
,"/home/korichevalex/Documents/memium_react/src/components/AppHeader/index.js": {"path":"/home/korichevalex/Documents/memium_react/src/components/AppHeader/index.js","statementMap":{"0":{"start":{"line":19,"column":18},"end":{"line":43,"column":3}},"1":{"start":{"line":19,"column":36},"end":{"line":43,"column":1}},"2":{"start":{"line":45,"column":25},"end":{"line":114,"column":1}},"3":{"start":{"line":52,"column":18},"end":{"line":52,"column":30}},"4":{"start":{"line":53,"column":18},"end":{"line":53,"column":29}},"5":{"start":{"line":54,"column":34},"end":{"line":54,"column":48}},"6":{"start":{"line":55,"column":15},"end":{"line":55,"column":32}},"7":{"start":{"line":57,"column":21},"end":{"line":59,"column":3}},"8":{"start":{"line":58,"column":4},"end":{"line":58,"column":37}},"9":{"start":{"line":61,"column":22},"end":{"line":63,"column":3}},"10":{"start":{"line":62,"column":4},"end":{"line":62,"column":22}},"11":{"start":{"line":65,"column":2},"end":{"line":69,"column":9}},"12":{"start":{"line":66,"column":4},"end":{"line":68,"column":5}},"13":{"start":{"line":67,"column":6},"end":{"line":67,"column":19}},"14":{"start":{"line":71,"column":2},"end":{"line":113,"column":4}},"15":{"start":{"line":89,"column":29},"end":{"line":89,"column":52}}},"fnMap":{"0":{"name":"(anonymous_0)","decl":{"start":{"line":19,"column":29},"end":{"line":19,"column":30}},"loc":{"start":{"line":19,"column":36},"end":{"line":43,"column":1}},"line":19},"1":{"name":"(anonymous_1)","decl":{"start":{"line":45,"column":25},"end":{"line":45,"column":26}},"loc":{"start":{"line":51,"column":6},"end":{"line":114,"column":1}},"line":51},"2":{"name":"(anonymous_2)","decl":{"start":{"line":57,"column":21},"end":{"line":57,"column":22}},"loc":{"start":{"line":57,"column":32},"end":{"line":59,"column":3}},"line":57},"3":{"name":"(anonymous_3)","decl":{"start":{"line":61,"column":22},"end":{"line":61,"column":23}},"loc":{"start":{"line":61,"column":28},"end":{"line":63,"column":3}},"line":61},"4":{"name":"(anonymous_4)","decl":{"start":{"line":65,"column":12},"end":{"line":65,"column":13}},"loc":{"start":{"line":65,"column":18},"end":{"line":69,"column":3}},"line":65},"5":{"name":"(anonymous_5)","decl":{"start":{"line":89,"column":23},"end":{"line":89,"column":24}},"loc":{"start":{"line":89,"column":29},"end":{"line":89,"column":52}},"line":89}},"branchMap":{"0":{"loc":{"start":{"line":66,"column":4},"end":{"line":68,"column":5}},"type":"if","locations":[{"start":{"line":66,"column":4},"end":{"line":68,"column":5}},{"start":{"line":66,"column":4},"end":{"line":68,"column":5}}],"line":66}},"s":{"0":3,"1":3,"2":3,"3":3,"4":3,"5":3,"6":3,"7":3,"8":0,"9":3,"10":0,"11":3,"12":3,"13":0,"14":3,"15":0},"f":{"0":3,"1":3,"2":0,"3":0,"4":3,"5":0},"b":{"0":[0,3]},"_coverageSchema":"1a1c01bbd47fc00a2c39e90264f33305004495a9","hash":"e539e6359f03160456ed7e89ad246b39968bfe67"}
,"/home/korichevalex/Documents/memium_react/src/components/ArticleCard/index.js": {"path":"/home/korichevalex/Documents/memium_react/src/components/ArticleCard/index.js","statementMap":{"0":{"start":{"line":10,"column":18},"end":{"line":30,"column":2}},"1":{"start":{"line":32,"column":27},"end":{"line":106,"column":1}},"2":{"start":{"line":33,"column":18},"end":{"line":33,"column":30}},"3":{"start":{"line":34,"column":18},"end":{"line":34,"column":29}},"4":{"start":{"line":35,"column":38},"end":{"line":35,"column":50}},"5":{"start":{"line":36,"column":28},"end":{"line":36,"column":40}},"6":{"start":{"line":38,"column":2},"end":{"line":41,"column":16}},"7":{"start":{"line":39,"column":17},"end":{"line":39,"column":66}},"8":{"start":{"line":40,"column":4},"end":{"line":40,"column":19}},"9":{"start":{"line":43,"column":2},"end":{"line":47,"column":22}},"10":{"start":{"line":44,"column":4},"end":{"line":46,"column":6}},"11":{"start":{"line":45,"column":6},"end":{"line":45,"column":34}},"12":{"start":{"line":49,"column":21},"end":{"line":56,"column":3}},"13":{"start":{"line":50,"column":4},"end":{"line":50,"column":24}},"14":{"start":{"line":51,"column":4},"end":{"line":55,"column":5}},"15":{"start":{"line":52,"column":6},"end":{"line":52,"column":22}},"16":{"start":{"line":54,"column":6},"end":{"line":54,"column":24}},"17":{"start":{"line":57,"column":2},"end":{"line":105,"column":4}},"18":{"start":{"line":60,"column":21},"end":{"line":60,"column":56}}},"fnMap":{"0":{"name":"(anonymous_0)","decl":{"start":{"line":32,"column":27},"end":{"line":32,"column":28}},"loc":{"start":{"line":32,"column":66},"end":{"line":106,"column":1}},"line":32},"1":{"name":"(anonymous_1)","decl":{"start":{"line":38,"column":12},"end":{"line":38,"column":13}},"loc":{"start":{"line":38,"column":24},"end":{"line":41,"column":3}},"line":38},"2":{"name":"(anonymous_2)","decl":{"start":{"line":43,"column":12},"end":{"line":43,"column":13}},"loc":{"start":{"line":43,"column":18},"end":{"line":47,"column":3}},"line":43},"3":{"name":"(anonymous_3)","decl":{"start":{"line":44,"column":66},"end":{"line":44,"column":67}},"loc":{"start":{"line":45,"column":6},"end":{"line":45,"column":34}},"line":45},"4":{"name":"(anonymous_4)","decl":{"start":{"line":49,"column":21},"end":{"line":49,"column":22}},"loc":{"start":{"line":49,"column":28},"end":{"line":56,"column":3}},"line":49},"5":{"name":"(anonymous_5)","decl":{"start":{"line":60,"column":15},"end":{"line":60,"column":16}},"loc":{"start":{"line":60,"column":21},"end":{"line":60,"column":56}},"line":60}},"branchMap":{"0":{"loc":{"start":{"line":51,"column":4},"end":{"line":55,"column":5}},"type":"if","locations":[{"start":{"line":51,"column":4},"end":{"line":55,"column":5}},{"start":{"line":51,"column":4},"end":{"line":55,"column":5}}],"line":51},"1":{"loc":{"start":{"line":88,"column":17},"end":{"line":88,"column":66}},"type":"cond-expr","locations":[{"start":{"line":88,"column":25},"end":{"line":88,"column":41}},{"start":{"line":88,"column":44},"end":{"line":88,"column":66}}],"line":88}},"s":{"0":3,"1":3,"2":1,"3":1,"4":1,"5":1,"6":1,"7":1,"8":1,"9":1,"10":1,"11":1,"12":1,"13":0,"14":0,"15":0,"16":0,"17":1,"18":0},"f":{"0":1,"1":1,"2":1,"3":1,"4":0,"5":0},"b":{"0":[0,0],"1":[1,0]},"_coverageSchema":"1a1c01bbd47fc00a2c39e90264f33305004495a9","hash":"4b81f1b37cf7ea111ff75fda2694e802a49be361"}
,"/home/korichevalex/Documents/memium_react/src/components/ArticleCreator/ArticleCreator.js": {"path":"/home/korichevalex/Documents/memium_react/src/components/ArticleCreator/ArticleCreator.js","statementMap":{"0":{"start":{"line":27,"column":18},"end":{"line":80,"column":3}},"1":{"start":{"line":27,"column":41},"end":{"line":80,"column":1}},"2":{"start":{"line":82,"column":30},"end":{"line":263,"column":1}},"3":{"start":{"line":83,"column":18},"end":{"line":83,"column":30}},"4":{"start":{"line":84,"column":19},"end":{"line":84,"column":32}},"5":{"start":{"line":86,"column":24},"end":{"line":86,"column":35}},"6":{"start":{"line":87,"column":28},"end":{"line":87,"column":49}},"7":{"start":{"line":88,"column":26},"end":{"line":88,"column":76}},"8":{"start":{"line":89,"column":26},"end":{"line":89,"column":59}},"9":{"start":{"line":90,"column":28},"end":{"line":90,"column":40}},"10":{"start":{"line":91,"column":34},"end":{"line":91,"column":65}},"11":{"start":{"line":92,"column":16},"end":{"line":92,"column":77}},"12":{"start":{"line":92,"column":39},"end":{"line":92,"column":76}},"13":{"start":{"line":93,"column":18},"end":{"line":93,"column":29}},"14":{"start":{"line":95,"column":2},"end":{"line":110,"column":18}},"15":{"start":{"line":96,"column":23},"end":{"line":106,"column":5}},"16":{"start":{"line":97,"column":6},"end":{"line":102,"column":9}},"17":{"start":{"line":98,"column":8},"end":{"line":98,"column":29}},"18":{"start":{"line":99,"column":8},"end":{"line":99,"column":34}},"19":{"start":{"line":100,"column":8},"end":{"line":100,"column":35}},"20":{"start":{"line":101,"column":8},"end":{"line":101,"column":27}},"21":{"start":{"line":103,"column":6},"end":{"line":105,"column":9}},"22":{"start":{"line":104,"column":8},"end":{"line":104,"column":22}},"23":{"start":{"line":107,"column":4},"end":{"line":109,"column":5}},"24":{"start":{"line":108,"column":6},"end":{"line":108,"column":28}},"25":{"start":{"line":112,"column":30},"end":{"line":114,"column":8}},"26":{"start":{"line":113,"column":4},"end":{"line":113,"column":53}},"27":{"start":{"line":116,"column":30},"end":{"line":119,"column":8}},"28":{"start":{"line":117,"column":4},"end":{"line":117,"column":31}},"29":{"start":{"line":118,"column":4},"end":{"line":118,"column":17}},"30":{"start":{"line":121,"column":27},"end":{"line":127,"column":8}},"31":{"start":{"line":122,"column":4},"end":{"line":126,"column":5}},"32":{"start":{"line":123,"column":6},"end":{"line":123,"column":43}},"33":{"start":{"line":125,"column":6},"end":{"line":125,"column":28}},"34":{"start":{"line":129,"column":30},"end":{"line":162,"column":3}},"35":{"start":{"line":131,"column":4},"end":{"line":152,"column":5}},"36":{"start":{"line":132,"column":22},"end":{"line":138,"column":8}},"37":{"start":{"line":139,"column":6},"end":{"line":139,"column":30}},"38":{"start":{"line":141,"column":6},"end":{"line":149,"column":9}},"39":{"start":{"line":150,"column":6},"end":{"line":150,"column":29}},"40":{"start":{"line":151,"column":6},"end":{"line":151,"column":44}},"41":{"start":{"line":154,"column":4},"end":{"line":159,"column":5}},"42":{"start":{"line":155,"column":30},"end":{"line":155,"column":44}},"43":{"start":{"line":156,"column":19},"end":{"line":156,"column":63}},"44":{"start":{"line":156,"column":52},"end":{"line":156,"column":62}},"45":{"start":{"line":157,"column":6},"end":{"line":157,"column":44}},"46":{"start":{"line":158,"column":6},"end":{"line":158,"column":79}},"47":{"start":{"line":161,"column":4},"end":{"line":161,"column":43}},"48":{"start":{"line":164,"column":2},"end":{"line":262,"column":4}},"49":{"start":{"line":170,"column":28},"end":{"line":170,"column":52}},"50":{"start":{"line":176,"column":28},"end":{"line":176,"column":51}},"51":{"start":{"line":185,"column":29},"end":{"line":185,"column":56}},"52":{"start":{"line":188,"column":14},"end":{"line":193,"column":16}}},"fnMap":{"0":{"name":"(anonymous_0)","decl":{"start":{"line":27,"column":29},"end":{"line":27,"column":30}},"loc":{"start":{"line":27,"column":41},"end":{"line":80,"column":1}},"line":27},"1":{"name":"(anonymous_1)","decl":{"start":{"line":82,"column":30},"end":{"line":82,"column":31}},"loc":{"start":{"line":82,"column":36},"end":{"line":263,"column":1}},"line":82},"2":{"name":"(anonymous_2)","decl":{"start":{"line":92,"column":28},"end":{"line":92,"column":29}},"loc":{"start":{"line":92,"column":39},"end":{"line":92,"column":76}},"line":92},"3":{"name":"(anonymous_3)","decl":{"start":{"line":95,"column":12},"end":{"line":95,"column":13}},"loc":{"start":{"line":95,"column":18},"end":{"line":110,"column":3}},"line":95},"4":{"name":"(anonymous_4)","decl":{"start":{"line":96,"column":23},"end":{"line":96,"column":24}},"loc":{"start":{"line":96,"column":37},"end":{"line":106,"column":5}},"line":96},"5":{"name":"(anonymous_5)","decl":{"start":{"line":97,"column":49},"end":{"line":97,"column":50}},"loc":{"start":{"line":97,"column":63},"end":{"line":102,"column":7}},"line":97},"6":{"name":"(anonymous_6)","decl":{"start":{"line":103,"column":50},"end":{"line":103,"column":51}},"loc":{"start":{"line":103,"column":59},"end":{"line":105,"column":7}},"line":103},"7":{"name":"(anonymous_7)","decl":{"start":{"line":112,"column":42},"end":{"line":112,"column":43}},"loc":{"start":{"line":112,"column":49},"end":{"line":114,"column":3}},"line":112},"8":{"name":"(anonymous_8)","decl":{"start":{"line":116,"column":42},"end":{"line":116,"column":43}},"loc":{"start":{"line":116,"column":48},"end":{"line":119,"column":3}},"line":116},"9":{"name":"(anonymous_9)","decl":{"start":{"line":121,"column":39},"end":{"line":121,"column":40}},"loc":{"start":{"line":121,"column":45},"end":{"line":127,"column":3}},"line":121},"10":{"name":"(anonymous_10)","decl":{"start":{"line":129,"column":30},"end":{"line":129,"column":31}},"loc":{"start":{"line":129,"column":42},"end":{"line":162,"column":3}},"line":129},"11":{"name":"(anonymous_11)","decl":{"start":{"line":156,"column":43},"end":{"line":156,"column":44}},"loc":{"start":{"line":156,"column":52},"end":{"line":156,"column":62}},"line":156},"12":{"name":"(anonymous_12)","decl":{"start":{"line":170,"column":21},"end":{"line":170,"column":22}},"loc":{"start":{"line":170,"column":28},"end":{"line":170,"column":52}},"line":170},"13":{"name":"(anonymous_13)","decl":{"start":{"line":176,"column":21},"end":{"line":176,"column":22}},"loc":{"start":{"line":176,"column":28},"end":{"line":176,"column":51}},"line":176},"14":{"name":"(anonymous_14)","decl":{"start":{"line":185,"column":22},"end":{"line":185,"column":23}},"loc":{"start":{"line":185,"column":29},"end":{"line":185,"column":56}},"line":185},"15":{"name":"(anonymous_15)","decl":{"start":{"line":187,"column":36},"end":{"line":187,"column":37}},"loc":{"start":{"line":187,"column":45},"end":{"line":194,"column":13}},"line":187}},"branchMap":{"0":{"loc":{"start":{"line":107,"column":4},"end":{"line":109,"column":5}},"type":"if","locations":[{"start":{"line":107,"column":4},"end":{"line":109,"column":5}},{"start":{"line":107,"column":4},"end":{"line":109,"column":5}}],"line":107},"1":{"loc":{"start":{"line":122,"column":4},"end":{"line":126,"column":5}},"type":"if","locations":[{"start":{"line":122,"column":4},"end":{"line":126,"column":5}},{"start":{"line":122,"column":4},"end":{"line":126,"column":5}}],"line":122},"2":{"loc":{"start":{"line":131,"column":4},"end":{"line":152,"column":5}},"type":"if","locations":[{"start":{"line":131,"column":4},"end":{"line":152,"column":5}},{"start":{"line":131,"column":4},"end":{"line":152,"column":5}}],"line":131},"3":{"loc":{"start":{"line":154,"column":4},"end":{"line":159,"column":5}},"type":"if","locations":[{"start":{"line":154,"column":4},"end":{"line":159,"column":5}},{"start":{"line":154,"column":4},"end":{"line":159,"column":5}}],"line":154},"4":{"loc":{"start":{"line":199,"column":9},"end":{"line":231,"column":9}},"type":"cond-expr","locations":[{"start":{"line":200,"column":10},"end":{"line":210,"column":13}},{"start":{"line":212,"column":10},"end":{"line":230,"column":16}}],"line":199},"5":{"loc":{"start":{"line":250,"column":11},"end":{"line":250,"column":64}},"type":"cond-expr","locations":[{"start":{"line":250,"column":23},"end":{"line":250,"column":45}},{"start":{"line":250,"column":48},"end":{"line":250,"column":64}}],"line":250}},"s":{"0":0,"1":0,"2":0,"3":0,"4":0,"5":0,"6":0,"7":0,"8":0,"9":0,"10":0,"11":0,"12":0,"13":0,"14":0,"15":0,"16":0,"17":0,"18":0,"19":0,"20":0,"21":0,"22":0,"23":0,"24":0,"25":0,"26":0,"27":0,"28":0,"29":0,"30":0,"31":0,"32":0,"33":0,"34":0,"35":0,"36":0,"37":0,"38":0,"39":0,"40":0,"41":0,"42":0,"43":0,"44":0,"45":0,"46":0,"47":0,"48":0,"49":0,"50":0,"51":0,"52":0},"f":{"0":0,"1":0,"2":0,"3":0,"4":0,"5":0,"6":0,"7":0,"8":0,"9":0,"10":0,"11":0,"12":0,"13":0,"14":0,"15":0},"b":{"0":[0,0],"1":[0,0],"2":[0,0],"3":[0,0],"4":[0,0],"5":[0,0]}}
,"/home/korichevalex/Documents/memium_react/src/components/ArticleView/ArticleView.js": {"path":"/home/korichevalex/Documents/memium_react/src/components/ArticleView/ArticleView.js","statementMap":{"0":{"start":{"line":9,"column":23},"end":{"line":14,"column":1}},"1":{"start":{"line":10,"column":15},"end":{"line":10,"column":36}},"2":{"start":{"line":11,"column":13},"end":{"line":11,"column":75}},"3":{"start":{"line":12,"column":13},"end":{"line":12,"column":75}},"4":{"start":{"line":13,"column":2},"end":{"line":13,"column":23}},"5":{"start":{"line":16,"column":18},"end":{"line":36,"column":3}},"6":{"start":{"line":16,"column":36},"end":{"line":36,"column":1}},"7":{"start":{"line":38,"column":27},"end":{"line":87,"column":1}},"8":{"start":{"line":39,"column":19},"end":{"line":39,"column":32}},"9":{"start":{"line":40,"column":22},"end":{"line":42,"column":3}},"10":{"start":{"line":41,"column":15},"end":{"line":41,"column":62}},"11":{"start":{"line":43,"column":28},"end":{"line":43,"column":40}},"12":{"start":{"line":44,"column":2},"end":{"line":48,"column":18}},"13":{"start":{"line":45,"column":4},"end":{"line":47,"column":5}},"14":{"start":{"line":46,"column":6},"end":{"line":46,"column":44}},"15":{"start":{"line":50,"column":2},"end":{"line":53,"column":18}},"16":{"start":{"line":51,"column":17},"end":{"line":51,"column":68}},"17":{"start":{"line":52,"column":4},"end":{"line":52,"column":19}},"18":{"start":{"line":55,"column":18},"end":{"line":55,"column":29}},"19":{"start":{"line":57,"column":2},"end":{"line":86,"column":4}}},"fnMap":{"0":{"name":"(anonymous_0)","decl":{"start":{"line":9,"column":23},"end":{"line":9,"column":24}},"loc":{"start":{"line":9,"column":40},"end":{"line":14,"column":1}},"line":9},"1":{"name":"(anonymous_1)","decl":{"start":{"line":16,"column":29},"end":{"line":16,"column":30}},"loc":{"start":{"line":16,"column":36},"end":{"line":36,"column":1}},"line":16},"2":{"name":"(anonymous_2)","decl":{"start":{"line":38,"column":27},"end":{"line":38,"column":28}},"loc":{"start":{"line":38,"column":46},"end":{"line":87,"column":1}},"line":38},"3":{"name":"(anonymous_3)","decl":{"start":{"line":41,"column":4},"end":{"line":41,"column":5}},"loc":{"start":{"line":41,"column":15},"end":{"line":41,"column":62}},"line":41},"4":{"name":"(anonymous_4)","decl":{"start":{"line":44,"column":12},"end":{"line":44,"column":13}},"loc":{"start":{"line":44,"column":18},"end":{"line":48,"column":3}},"line":44},"5":{"name":"(anonymous_5)","decl":{"start":{"line":50,"column":12},"end":{"line":50,"column":13}},"loc":{"start":{"line":50,"column":24},"end":{"line":53,"column":3}},"line":50}},"branchMap":{"0":{"loc":{"start":{"line":45,"column":4},"end":{"line":47,"column":5}},"type":"if","locations":[{"start":{"line":45,"column":4},"end":{"line":47,"column":5}},{"start":{"line":45,"column":4},"end":{"line":47,"column":5}}],"line":45},"1":{"loc":{"start":{"line":59,"column":7},"end":{"line":84,"column":7}},"type":"cond-expr","locations":[{"start":{"line":60,"column":8},"end":{"line":79,"column":11}},{"start":{"line":81,"column":8},"end":{"line":83,"column":14}}],"line":59},"2":{"loc":{"start":{"line":66,"column":11},"end":{"line":70,"column":18}},"type":"cond-expr","locations":[{"start":{"line":67,"column":12},"end":{"line":69,"column":18}},{"start":{"line":70,"column":14},"end":{"line":70,"column":18}}],"line":66}},"s":{"0":1,"1":0,"2":0,"3":0,"4":0,"5":1,"6":1,"7":1,"8":1,"9":1,"10":3,"11":1,"12":1,"13":1,"14":1,"15":1,"16":1,"17":0,"18":1,"19":1},"f":{"0":0,"1":1,"2":1,"3":3,"4":1,"5":1},"b":{"0":[1,0],"1":[0,1],"2":[0,0]},"_coverageSchema":"1a1c01bbd47fc00a2c39e90264f33305004495a9","hash":"441c9a47dc08268642466cd5ff433e10b1d33302"}
,"/home/korichevalex/Documents/memium_react/src/components/AuthorCard/index.js": {"path":"/home/korichevalex/Documents/memium_react/src/components/AuthorCard/index.js","statementMap":{"0":{"start":{"line":11,"column":18},"end":{"line":31,"column":2}},"1":{"start":{"line":33,"column":26},"end":{"line":79,"column":1}},"2":{"start":{"line":34,"column":18},"end":{"line":34,"column":30}},"3":{"start":{"line":35,"column":18},"end":{"line":35,"column":29}},"4":{"start":{"line":36,"column":19},"end":{"line":36,"column":32}},"5":{"start":{"line":37,"column":22},"end":{"line":44,"column":3}},"6":{"start":{"line":38,"column":4},"end":{"line":38,"column":24}},"7":{"start":{"line":39,"column":4},"end":{"line":43,"column":5}},"8":{"start":{"line":40,"column":6},"end":{"line":40,"column":31}},"9":{"start":{"line":42,"column":6},"end":{"line":42,"column":28}},"10":{"start":{"line":45,"column":2},"end":{"line":78,"column":4}},"11":{"start":{"line":48,"column":21},"end":{"line":48,"column":71}}},"fnMap":{"0":{"name":"(anonymous_0)","decl":{"start":{"line":33,"column":26},"end":{"line":33,"column":27}},"loc":{"start":{"line":33,"column":65},"end":{"line":79,"column":1}},"line":33},"1":{"name":"(anonymous_1)","decl":{"start":{"line":37,"column":22},"end":{"line":37,"column":23}},"loc":{"start":{"line":37,"column":29},"end":{"line":44,"column":3}},"line":37},"2":{"name":"(anonymous_2)","decl":{"start":{"line":48,"column":15},"end":{"line":48,"column":16}},"loc":{"start":{"line":48,"column":21},"end":{"line":48,"column":71}},"line":48}},"branchMap":{"0":{"loc":{"start":{"line":39,"column":4},"end":{"line":43,"column":5}},"type":"if","locations":[{"start":{"line":39,"column":4},"end":{"line":43,"column":5}},{"start":{"line":39,"column":4},"end":{"line":43,"column":5}}],"line":39},"1":{"loc":{"start":{"line":62,"column":11},"end":{"line":62,"column":65}},"type":"cond-expr","locations":[{"start":{"line":62,"column":20},"end":{"line":62,"column":45}},{"start":{"line":62,"column":48},"end":{"line":62,"column":65}}],"line":62}},"s":{"0":2,"1":2,"2":1,"3":1,"4":1,"5":1,"6":0,"7":0,"8":0,"9":0,"10":1,"11":0},"f":{"0":1,"1":0,"2":0},"b":{"0":[0,0],"1":[1,0]},"_coverageSchema":"1a1c01bbd47fc00a2c39e90264f33305004495a9","hash":"6d84bc35d201ae2ec7fdb0ebff2245f162146902"}
,"/home/korichevalex/Documents/memium_react/src/components/AuthorSummary/AuthorSummary.js": {"path":"/home/korichevalex/Documents/memium_react/src/components/AuthorSummary/AuthorSummary.js","statementMap":{"0":{"start":{"line":19,"column":18},"end":{"line":40,"column":3}},"1":{"start":{"line":19,"column":36},"end":{"line":40,"column":1}},"2":{"start":{"line":42,"column":29},"end":{"line":140,"column":1}},"3":{"start":{"line":43,"column":19},"end":{"line":43,"column":32}},"4":{"start":{"line":44,"column":18},"end":{"line":44,"column":30}},"5":{"start":{"line":45,"column":21},"end":{"line":45,"column":46}},"6":{"start":{"line":46,"column":16},"end":{"line":46,"column":77}},"7":{"start":{"line":46,"column":39},"end":{"line":46,"column":76}},"8":{"start":{"line":48,"column":36},"end":{"line":51,"column":5}},"9":{"start":{"line":48,"column":60},"end":{"line":51,"column":3}},"10":{"start":{"line":53,"column":2},"end":{"line":57,"column":9}},"11":{"start":{"line":54,"column":4},"end":{"line":56,"column":5}},"12":{"start":{"line":55,"column":6},"end":{"line":55,"column":32}},"13":{"start":{"line":58,"column":21},"end":{"line":61,"column":3}},"14":{"start":{"line":59,"column":10},"end":{"line":59,"column":68}},"15":{"start":{"line":59,"column":41},"end":{"line":59,"column":67}},"16":{"start":{"line":63,"column":25},"end":{"line":63,"column":77}},"17":{"start":{"line":63,"column":39},"end":{"line":63,"column":57}},"18":{"start":{"line":65,"column":21},"end":{"line":72,"column":18}},"19":{"start":{"line":66,"column":4},"end":{"line":70,"column":5}},"20":{"start":{"line":67,"column":6},"end":{"line":67,"column":51}},"21":{"start":{"line":69,"column":6},"end":{"line":69,"column":61}},"22":{"start":{"line":71,"column":4},"end":{"line":71,"column":30}},"23":{"start":{"line":74,"column":23},"end":{"line":78,"column":8}},"24":{"start":{"line":75,"column":4},"end":{"line":75,"column":54}},"25":{"start":{"line":76,"column":4},"end":{"line":76,"column":42}},"26":{"start":{"line":77,"column":4},"end":{"line":77,"column":26}},"27":{"start":{"line":80,"column":22},"end":{"line":83,"column":8}},"28":{"start":{"line":81,"column":4},"end":{"line":81,"column":46}},"29":{"start":{"line":82,"column":4},"end":{"line":82,"column":26}},"30":{"start":{"line":85,"column":18},"end":{"line":85,"column":29}},"31":{"start":{"line":87,"column":21},"end":{"line":133,"column":3}},"32":{"start":{"line":88,"column":4},"end":{"line":132,"column":6}},"33":{"start":{"line":92,"column":12},"end":{"line":92,"column":57}},"34":{"start":{"line":108,"column":29},"end":{"line":108,"column":71}},"35":{"start":{"line":135,"column":2},"end":{"line":139,"column":4}}},"fnMap":{"0":{"name":"(anonymous_0)","decl":{"start":{"line":19,"column":29},"end":{"line":19,"column":30}},"loc":{"start":{"line":19,"column":36},"end":{"line":40,"column":1}},"line":19},"1":{"name":"(anonymous_1)","decl":{"start":{"line":42,"column":29},"end":{"line":42,"column":30}},"loc":{"start":{"line":42,"column":58},"end":{"line":140,"column":1}},"line":42},"2":{"name":"(anonymous_2)","decl":{"start":{"line":46,"column":28},"end":{"line":46,"column":29}},"loc":{"start":{"line":46,"column":39},"end":{"line":46,"column":76}},"line":46},"3":{"name":"(anonymous_3)","decl":{"start":{"line":48,"column":48},"end":{"line":48,"column":49}},"loc":{"start":{"line":48,"column":60},"end":{"line":51,"column":3}},"line":48},"4":{"name":"(anonymous_4)","decl":{"start":{"line":53,"column":12},"end":{"line":53,"column":13}},"loc":{"start":{"line":53,"column":18},"end":{"line":57,"column":3}},"line":53},"5":{"name":"(anonymous_5)","decl":{"start":{"line":59,"column":4},"end":{"line":59,"column":5}},"loc":{"start":{"line":59,"column":10},"end":{"line":59,"column":68}},"line":59},"6":{"name":"(anonymous_6)","decl":{"start":{"line":59,"column":26},"end":{"line":59,"column":27}},"loc":{"start":{"line":59,"column":41},"end":{"line":59,"column":67}},"line":59},"7":{"name":"(anonymous_7)","decl":{"start":{"line":63,"column":33},"end":{"line":63,"column":34}},"loc":{"start":{"line":63,"column":39},"end":{"line":63,"column":57}},"line":63},"8":{"name":"(anonymous_8)","decl":{"start":{"line":65,"column":33},"end":{"line":65,"column":34}},"loc":{"start":{"line":65,"column":45},"end":{"line":72,"column":3}},"line":65},"9":{"name":"(anonymous_9)","decl":{"start":{"line":74,"column":35},"end":{"line":74,"column":36}},"loc":{"start":{"line":74,"column":47},"end":{"line":78,"column":3}},"line":74},"10":{"name":"(anonymous_10)","decl":{"start":{"line":80,"column":34},"end":{"line":80,"column":35}},"loc":{"start":{"line":80,"column":46},"end":{"line":83,"column":3}},"line":80},"11":{"name":"(anonymous_11)","decl":{"start":{"line":87,"column":21},"end":{"line":87,"column":22}},"loc":{"start":{"line":87,"column":27},"end":{"line":133,"column":3}},"line":87},"12":{"name":"(anonymous_12)","decl":{"start":{"line":91,"column":19},"end":{"line":91,"column":20}},"loc":{"start":{"line":91,"column":25},"end":{"line":93,"column":11}},"line":91},"13":{"name":"(anonymous_13)","decl":{"start":{"line":108,"column":23},"end":{"line":108,"column":24}},"loc":{"start":{"line":108,"column":29},"end":{"line":108,"column":71}},"line":108}},"branchMap":{"0":{"loc":{"start":{"line":54,"column":4},"end":{"line":56,"column":5}},"type":"if","locations":[{"start":{"line":54,"column":4},"end":{"line":56,"column":5}},{"start":{"line":54,"column":4},"end":{"line":56,"column":5}}],"line":54},"1":{"loc":{"start":{"line":66,"column":4},"end":{"line":70,"column":5}},"type":"if","locations":[{"start":{"line":66,"column":4},"end":{"line":70,"column":5}},{"start":{"line":66,"column":4},"end":{"line":70,"column":5}}],"line":66},"2":{"loc":{"start":{"line":97,"column":35},"end":{"line":97,"column":63}},"type":"binary-expr","locations":[{"start":{"line":97,"column":35},"end":{"line":97,"column":50}},{"start":{"line":97,"column":54},"end":{"line":97,"column":63}}],"line":97},"3":{"loc":{"start":{"line":102,"column":13},"end":{"line":102,"column":67}},"type":"cond-expr","locations":[{"start":{"line":102,"column":26},"end":{"line":102,"column":48}},{"start":{"line":102,"column":51},"end":{"line":102,"column":67}}],"line":102},"4":{"loc":{"start":{"line":105,"column":11},"end":{"line":115,"column":11}},"type":"binary-expr","locations":[{"start":{"line":105,"column":11},"end":{"line":105,"column":26}},{"start":{"line":106,"column":12},"end":{"line":114,"column":18}}],"line":105},"5":{"loc":{"start":{"line":116,"column":11},"end":{"line":121,"column":11}},"type":"binary-expr","locations":[{"start":{"line":116,"column":11},"end":{"line":116,"column":26}},{"start":{"line":117,"column":12},"end":{"line":120,"column":18}}],"line":116},"6":{"loc":{"start":{"line":122,"column":11},"end":{"line":129,"column":11}},"type":"binary-expr","locations":[{"start":{"line":122,"column":11},"end":{"line":122,"column":25}},{"start":{"line":123,"column":12},"end":{"line":128,"column":18}}],"line":122},"7":{"loc":{"start":{"line":137,"column":7},"end":{"line":137,"column":56}},"type":"cond-expr","locations":[{"start":{"line":137,"column":20},"end":{"line":137,"column":32}},{"start":{"line":137,"column":35},"end":{"line":137,"column":56}}],"line":137}},"s":{"0":1,"1":0,"2":1,"3":0,"4":0,"5":0,"6":0,"7":0,"8":0,"9":0,"10":0,"11":0,"12":0,"13":0,"14":0,"15":0,"16":0,"17":0,"18":0,"19":0,"20":0,"21":0,"22":0,"23":0,"24":0,"25":0,"26":0,"27":0,"28":0,"29":0,"30":0,"31":0,"32":0,"33":0,"34":0,"35":0},"f":{"0":0,"1":0,"2":0,"3":0,"4":0,"5":0,"6":0,"7":0,"8":0,"9":0,"10":0,"11":0,"12":0,"13":0},"b":{"0":[0,0],"1":[0,0],"2":[0,0],"3":[0,0],"4":[0,0],"5":[0,0],"6":[0,0],"7":[0,0]},"_coverageSchema":"1a1c01bbd47fc00a2c39e90264f33305004495a9","hash":"01f700b681d3dd30282aae183aef4d3e7417196a"}
,"/home/korichevalex/Documents/memium_react/src/components/CategorySelect/index.js": {"path":"/home/korichevalex/Documents/memium_react/src/components/CategorySelect/index.js","statementMap":{"0":{"start":{"line":5,"column":15},"end":{"line":16,"column":48}},"1":{"start":{"line":5,"column":33},"end":{"line":16,"column":1}},"2":{"start":{"line":16,"column":15},"end":{"line":16,"column":47}},"3":{"start":{"line":18,"column":16},"end":{"line":25,"column":8}},"4":{"start":{"line":27,"column":30},"end":{"line":40,"column":1}},"5":{"start":{"line":28,"column":2},"end":{"line":39,"column":4}}},"fnMap":{"0":{"name":"(anonymous_0)","decl":{"start":{"line":5,"column":26},"end":{"line":5,"column":27}},"loc":{"start":{"line":5,"column":33},"end":{"line":16,"column":1}},"line":5},"1":{"name":"(anonymous_1)","decl":{"start":{"line":16,"column":4},"end":{"line":16,"column":5}},"loc":{"start":{"line":16,"column":15},"end":{"line":16,"column":47}},"line":16},"2":{"name":"(anonymous_2)","decl":{"start":{"line":27,"column":30},"end":{"line":27,"column":31}},"loc":{"start":{"line":27,"column":57},"end":{"line":40,"column":1}},"line":27}},"branchMap":{},"s":{"0":2,"1":2,"2":54,"3":2,"4":2,"5":8},"f":{"0":2,"1":54,"2":8},"b":{},"_coverageSchema":"1a1c01bbd47fc00a2c39e90264f33305004495a9","hash":"6ca19de50be1cfb8327225d559deef8a8d6d8896"}
,"/home/korichevalex/Documents/memium_react/src/components/Comment/Comment.js": {"path":"/home/korichevalex/Documents/memium_react/src/components/Comment/Comment.js","statementMap":{"0":{"start":{"line":7,"column":18},"end":{"line":22,"column":3}},"1":{"start":{"line":7,"column":36},"end":{"line":22,"column":1}},"2":{"start":{"line":24,"column":23},"end":{"line":68,"column":1}},"3":{"start":{"line":25,"column":18},"end":{"line":25,"column":29}},"4":{"start":{"line":26,"column":21},"end":{"line":26,"column":54}},"5":{"start":{"line":28,"column":19},"end":{"line":41,"column":20}},"6":{"start":{"line":29,"column":15},"end":{"line":31,"column":5}},"7":{"start":{"line":32,"column":15},"end":{"line":34,"column":5}},"8":{"start":{"line":36,"column":4},"end":{"line":40,"column":6}},"9":{"start":{"line":43,"column":30},"end":{"line":45,"column":18}},"10":{"start":{"line":44,"column":4},"end":{"line":44,"column":30}},"11":{"start":{"line":47,"column":2},"end":{"line":49,"column":3}},"12":{"start":{"line":48,"column":4},"end":{"line":48,"column":16}},"13":{"start":{"line":51,"column":2},"end":{"line":67,"column":4}}},"fnMap":{"0":{"name":"(anonymous_0)","decl":{"start":{"line":7,"column":29},"end":{"line":7,"column":30}},"loc":{"start":{"line":7,"column":36},"end":{"line":22,"column":1}},"line":7},"1":{"name":"(anonymous_1)","decl":{"start":{"line":24,"column":23},"end":{"line":24,"column":24}},"loc":{"start":{"line":24,"column":62},"end":{"line":68,"column":1}},"line":24},"2":{"name":"(anonymous_2)","decl":{"start":{"line":28,"column":27},"end":{"line":28,"column":28}},"loc":{"start":{"line":28,"column":33},"end":{"line":41,"column":3}},"line":28},"3":{"name":"(anonymous_3)","decl":{"start":{"line":43,"column":42},"end":{"line":43,"column":43}},"loc":{"start":{"line":43,"column":48},"end":{"line":45,"column":3}},"line":43}},"branchMap":{"0":{"loc":{"start":{"line":47,"column":2},"end":{"line":49,"column":3}},"type":"if","locations":[{"start":{"line":47,"column":2},"end":{"line":49,"column":3}},{"start":{"line":47,"column":2},"end":{"line":49,"column":3}}],"line":47},"1":{"loc":{"start":{"line":55,"column":9},"end":{"line":59,"column":9}},"type":"binary-expr","locations":[{"start":{"line":55,"column":9},"end":{"line":55,"column":14}},{"start":{"line":56,"column":10},"end":{"line":58,"column":16}}],"line":55}},"s":{"0":3,"1":2,"2":3,"3":2,"4":2,"5":2,"6":2,"7":2,"8":2,"9":2,"10":0,"11":2,"12":0,"13":2},"f":{"0":2,"1":2,"2":2,"3":0},"b":{"0":[0,2],"1":[2,2]},"_coverageSchema":"1a1c01bbd47fc00a2c39e90264f33305004495a9","hash":"18cf71646bd7d8817183b99e60b52b4ee15b5db3"}
,"/home/korichevalex/Documents/memium_react/src/components/CommentsCenter/CommentsCenter.js": {"path":"/home/korichevalex/Documents/memium_react/src/components/CommentsCenter/CommentsCenter.js","statementMap":{"0":{"start":{"line":8,"column":18},"end":{"line":20,"column":3}},"1":{"start":{"line":8,"column":36},"end":{"line":20,"column":1}},"2":{"start":{"line":22,"column":30},"end":{"line":105,"column":1}},"3":{"start":{"line":23,"column":18},"end":{"line":23,"column":29}},"4":{"start":{"line":24,"column":34},"end":{"line":24,"column":46}},"5":{"start":{"line":25,"column":26},"end":{"line":25,"column":38}},"6":{"start":{"line":26,"column":16},"end":{"line":26,"column":77}},"7":{"start":{"line":26,"column":39},"end":{"line":26,"column":76}},"8":{"start":{"line":28,"column":21},"end":{"line":33,"column":3}},"9":{"start":{"line":30,"column":6},"end":{"line":30,"column":30}},"10":{"start":{"line":35,"column":22},"end":{"line":38,"column":3}},"11":{"start":{"line":36,"column":24},"end":{"line":36,"column":71}},"12":{"start":{"line":37,"column":4},"end":{"line":37,"column":29}},"13":{"start":{"line":40,"column":2},"end":{"line":42,"column":9}},"14":{"start":{"line":41,"column":4},"end":{"line":41,"column":18}},"15":{"start":{"line":44,"column":24},"end":{"line":50,"column":3}},"16":{"start":{"line":45,"column":4},"end":{"line":49,"column":5}},"17":{"start":{"line":46,"column":6},"end":{"line":46,"column":62}},"18":{"start":{"line":47,"column":6},"end":{"line":47,"column":18}},"19":{"start":{"line":48,"column":6},"end":{"line":48,"column":20}},"20":{"start":{"line":52,"column":24},"end":{"line":55,"column":3}},"21":{"start":{"line":53,"column":4},"end":{"line":53,"column":54}},"22":{"start":{"line":54,"column":4},"end":{"line":54,"column":18}},"23":{"start":{"line":57,"column":24},"end":{"line":68,"column":3}},"24":{"start":{"line":58,"column":4},"end":{"line":67,"column":6}},"25":{"start":{"line":70,"column":21},"end":{"line":102,"column":3}},"26":{"start":{"line":71,"column":4},"end":{"line":101,"column":6}},"27":{"start":{"line":104,"column":2},"end":{"line":104,"column":60}}},"fnMap":{"0":{"name":"(anonymous_0)","decl":{"start":{"line":8,"column":29},"end":{"line":8,"column":30}},"loc":{"start":{"line":8,"column":36},"end":{"line":20,"column":1}},"line":8},"1":{"name":"(anonymous_1)","decl":{"start":{"line":22,"column":30},"end":{"line":22,"column":31}},"loc":{"start":{"line":22,"column":49},"end":{"line":105,"column":1}},"line":22},"2":{"name":"(anonymous_2)","decl":{"start":{"line":26,"column":28},"end":{"line":26,"column":29}},"loc":{"start":{"line":26,"column":39},"end":{"line":26,"column":76}},"line":26},"3":{"name":"(anonymous_3)","decl":{"start":{"line":29,"column":4},"end":{"line":29,"column":5}},"loc":{"start":{"line":29,"column":11},"end":{"line":31,"column":5}},"line":29},"4":{"name":"(anonymous_4)","decl":{"start":{"line":35,"column":22},"end":{"line":35,"column":23}},"loc":{"start":{"line":35,"column":34},"end":{"line":38,"column":3}},"line":35},"5":{"name":"(anonymous_5)","decl":{"start":{"line":40,"column":12},"end":{"line":40,"column":13}},"loc":{"start":{"line":40,"column":18},"end":{"line":42,"column":3}},"line":40},"6":{"name":"(anonymous_6)","decl":{"start":{"line":44,"column":24},"end":{"line":44,"column":25}},"loc":{"start":{"line":44,"column":36},"end":{"line":50,"column":3}},"line":44},"7":{"name":"(anonymous_7)","decl":{"start":{"line":52,"column":24},"end":{"line":52,"column":25}},"loc":{"start":{"line":52,"column":45},"end":{"line":55,"column":3}},"line":52},"8":{"name":"(anonymous_8)","decl":{"start":{"line":57,"column":24},"end":{"line":57,"column":25}},"loc":{"start":{"line":57,"column":37},"end":{"line":68,"column":3}},"line":57},"9":{"name":"(anonymous_9)","decl":{"start":{"line":70,"column":21},"end":{"line":70,"column":22}},"loc":{"start":{"line":70,"column":27},"end":{"line":102,"column":3}},"line":70}},"branchMap":{"0":{"loc":{"start":{"line":45,"column":4},"end":{"line":49,"column":5}},"type":"if","locations":[{"start":{"line":45,"column":4},"end":{"line":49,"column":5}},{"start":{"line":45,"column":4},"end":{"line":49,"column":5}}],"line":45},"1":{"loc":{"start":{"line":74,"column":11},"end":{"line":78,"column":11}},"type":"binary-expr","locations":[{"start":{"line":74,"column":11},"end":{"line":74,"column":35}},{"start":{"line":75,"column":12},"end":{"line":77,"column":25}}],"line":74}},"s":{"0":2,"1":2,"2":2,"3":4,"4":4,"5":4,"6":4,"7":7,"8":4,"9":0,"10":4,"11":2,"12":2,"13":4,"14":2,"15":4,"16":0,"17":0,"18":0,"19":0,"20":4,"21":0,"22":0,"23":4,"24":1,"25":4,"26":4,"27":4},"f":{"0":2,"1":4,"2":7,"3":0,"4":2,"5":2,"6":0,"7":0,"8":1,"9":4},"b":{"0":[0,0],"1":[4,1]},"_coverageSchema":"1a1c01bbd47fc00a2c39e90264f33305004495a9","hash":"e2db77da2ddd95ba10d77925585782f72ee2045c"}
,"/home/korichevalex/Documents/memium_react/src/components/Feed/index.js": {"path":"/home/korichevalex/Documents/memium_react/src/components/Feed/index.js","statementMap":{"0":{"start":{"line":11,"column":18},"end":{"line":17,"column":2}},"1":{"start":{"line":20,"column":2},"end":{"line":20,"column":51}},"2":{"start":{"line":23,"column":20},"end":{"line":115,"column":1}},"3":{"start":{"line":39,"column":18},"end":{"line":39,"column":29}},"4":{"start":{"line":40,"column":2},"end":{"line":50,"column":9}},"5":{"start":{"line":41,"column":4},"end":{"line":43,"column":5}},"6":{"start":{"line":42,"column":6},"end":{"line":42,"column":17}},"7":{"start":{"line":44,"column":4},"end":{"line":46,"column":5}},"8":{"start":{"line":45,"column":6},"end":{"line":45,"column":18}},"9":{"start":{"line":47,"column":4},"end":{"line":49,"column":5}},"10":{"start":{"line":48,"column":6},"end":{"line":48,"column":17}},"11":{"start":{"line":52,"column":16},"end":{"line":52,"column":26}},"12":{"start":{"line":53,"column":18},"end":{"line":53,"column":30}},"13":{"start":{"line":54,"column":24},"end":{"line":54,"column":41}},"14":{"start":{"line":56,"column":2},"end":{"line":63,"column":9}},"15":{"start":{"line":57,"column":23},"end":{"line":57,"column":39}},"16":{"start":{"line":58,"column":4},"end":{"line":62,"column":5}},"17":{"start":{"line":59,"column":6},"end":{"line":59,"column":33}},"18":{"start":{"line":61,"column":6},"end":{"line":61,"column":60}},"19":{"start":{"line":65,"column":23},"end":{"line":73,"column":3}},"20":{"start":{"line":66,"column":4},"end":{"line":66,"column":21}},"21":{"start":{"line":67,"column":4},"end":{"line":71,"column":5}},"22":{"start":{"line":68,"column":6},"end":{"line":68,"column":17}},"23":{"start":{"line":70,"column":6},"end":{"line":70,"column":39}},"24":{"start":{"line":72,"column":4},"end":{"line":72,"column":68}},"25":{"start":{"line":74,"column":2},"end":{"line":114,"column":4}},"26":{"start":{"line":88,"column":18},"end":{"line":94,"column":20}},"27":{"start":{"line":93,"column":48},"end":{"line":93,"column":77}},"28":{"start":{"line":102,"column":16},"end":{"line":108,"column":18}},"29":{"start":{"line":107,"column":50},"end":{"line":107,"column":69}}},"fnMap":{"0":{"name":"useQuery","decl":{"start":{"line":19,"column":9},"end":{"line":19,"column":17}},"loc":{"start":{"line":19,"column":20},"end":{"line":21,"column":1}},"line":19},"1":{"name":"(anonymous_1)","decl":{"start":{"line":23,"column":20},"end":{"line":23,"column":21}},"loc":{"start":{"line":38,"column":6},"end":{"line":115,"column":1}},"line":38},"2":{"name":"(anonymous_2)","decl":{"start":{"line":40,"column":12},"end":{"line":40,"column":13}},"loc":{"start":{"line":40,"column":18},"end":{"line":50,"column":3}},"line":40},"3":{"name":"(anonymous_3)","decl":{"start":{"line":56,"column":12},"end":{"line":56,"column":13}},"loc":{"start":{"line":56,"column":18},"end":{"line":63,"column":3}},"line":56},"4":{"name":"(anonymous_4)","decl":{"start":{"line":65,"column":23},"end":{"line":65,"column":24}},"loc":{"start":{"line":65,"column":44},"end":{"line":73,"column":3}},"line":65},"5":{"name":"(anonymous_5)","decl":{"start":{"line":87,"column":34},"end":{"line":87,"column":35}},"loc":{"start":{"line":88,"column":18},"end":{"line":94,"column":20}},"line":88},"6":{"name":"(anonymous_6)","decl":{"start":{"line":93,"column":40},"end":{"line":93,"column":41}},"loc":{"start":{"line":93,"column":48},"end":{"line":93,"column":77}},"line":93},"7":{"name":"(anonymous_7)","decl":{"start":{"line":101,"column":32},"end":{"line":101,"column":33}},"loc":{"start":{"line":102,"column":16},"end":{"line":108,"column":18}},"line":102},"8":{"name":"(anonymous_8)","decl":{"start":{"line":107,"column":42},"end":{"line":107,"column":43}},"loc":{"start":{"line":107,"column":50},"end":{"line":107,"column":69}},"line":107}},"branchMap":{"0":{"loc":{"start":{"line":41,"column":4},"end":{"line":43,"column":5}},"type":"if","locations":[{"start":{"line":41,"column":4},"end":{"line":43,"column":5}},{"start":{"line":41,"column":4},"end":{"line":43,"column":5}}],"line":41},"1":{"loc":{"start":{"line":44,"column":4},"end":{"line":46,"column":5}},"type":"if","locations":[{"start":{"line":44,"column":4},"end":{"line":46,"column":5}},{"start":{"line":44,"column":4},"end":{"line":46,"column":5}}],"line":44},"2":{"loc":{"start":{"line":47,"column":4},"end":{"line":49,"column":5}},"type":"if","locations":[{"start":{"line":47,"column":4},"end":{"line":49,"column":5}},{"start":{"line":47,"column":4},"end":{"line":49,"column":5}}],"line":47},"3":{"loc":{"start":{"line":58,"column":4},"end":{"line":62,"column":5}},"type":"if","locations":[{"start":{"line":58,"column":4},"end":{"line":62,"column":5}},{"start":{"line":58,"column":4},"end":{"line":62,"column":5}}],"line":58},"4":{"loc":{"start":{"line":67,"column":4},"end":{"line":71,"column":5}},"type":"if","locations":[{"start":{"line":67,"column":4},"end":{"line":71,"column":5}},{"start":{"line":67,"column":4},"end":{"line":71,"column":5}}],"line":67},"5":{"loc":{"start":{"line":84,"column":9},"end":{"line":98,"column":16}},"type":"cond-expr","locations":[{"start":{"line":85,"column":10},"end":{"line":97,"column":16}},{"start":{"line":98,"column":12},"end":{"line":98,"column":16}}],"line":84},"6":{"loc":{"start":{"line":86,"column":13},"end":{"line":96,"column":20}},"type":"cond-expr","locations":[{"start":{"line":87,"column":16},"end":{"line":95,"column":18}},{"start":{"line":96,"column":16},"end":{"line":96,"column":20}}],"line":86},"7":{"loc":{"start":{"line":100,"column":11},"end":{"line":110,"column":18}},"type":"cond-expr","locations":[{"start":{"line":101,"column":14},"end":{"line":109,"column":16}},{"start":{"line":110,"column":14},"end":{"line":110,"column":18}}],"line":100}},"s":{"0":1,"1":2,"2":1,"3":2,"4":2,"5":1,"6":0,"7":1,"8":0,"9":1,"10":0,"11":2,"12":2,"13":2,"14":2,"15":1,"16":1,"17":1,"18":0,"19":2,"20":0,"21":0,"22":0,"23":0,"24":0,"25":2,"26":0,"27":0,"28":0,"29":0},"f":{"0":2,"1":2,"2":1,"3":1,"4":0,"5":0,"6":0,"7":0,"8":0},"b":{"0":[0,1],"1":[0,1],"2":[0,1],"3":[1,0],"4":[0,0],"5":[0,2],"6":[0,0],"7":[0,2]},"_coverageSchema":"1a1c01bbd47fc00a2c39e90264f33305004495a9","hash":"9bb0923cd13e001a5e7045c5db9f833e77c8d353"}
,"/home/korichevalex/Documents/memium_react/src/components/HeaderMenu/index.js": {"path":"/home/korichevalex/Documents/memium_react/src/components/HeaderMenu/index.js","statementMap":{"0":{"start":{"line":7,"column":18},"end":{"line":26,"column":3}},"1":{"start":{"line":7,"column":36},"end":{"line":26,"column":1}},"2":{"start":{"line":28,"column":17},"end":{"line":32,"column":15}},"3":{"start":{"line":34,"column":26},"end":{"line":86,"column":1}},"4":{"start":{"line":42,"column":18},"end":{"line":42,"column":29}},"5":{"start":{"line":43,"column":2},"end":{"line":85,"column":4}}},"fnMap":{"0":{"name":"(anonymous_0)","decl":{"start":{"line":7,"column":29},"end":{"line":7,"column":30}},"loc":{"start":{"line":7,"column":36},"end":{"line":26,"column":1}},"line":7},"1":{"name":"(anonymous_1)","decl":{"start":{"line":34,"column":26},"end":{"line":34,"column":27}},"loc":{"start":{"line":41,"column":6},"end":{"line":86,"column":1}},"line":41}},"branchMap":{},"s":{"0":3,"1":3,"2":3,"3":3,"4":3,"5":3},"f":{"0":3,"1":3},"b":{},"_coverageSchema":"1a1c01bbd47fc00a2c39e90264f33305004495a9","hash":"a70a8fd1e9dcc7f7454a8f0f788af477c47e1676"}
,"/home/korichevalex/Documents/memium_react/src/components/LikedCard/index.js": {"path":"/home/korichevalex/Documents/memium_react/src/components/LikedCard/index.js","statementMap":{"0":{"start":{"line":9,"column":18},"end":{"line":29,"column":2}},"1":{"start":{"line":31,"column":25},"end":{"line":88,"column":1}},"2":{"start":{"line":32,"column":18},"end":{"line":32,"column":29}},"3":{"start":{"line":33,"column":18},"end":{"line":33,"column":30}},"4":{"start":{"line":34,"column":38},"end":{"line":34,"column":50}},"5":{"start":{"line":35,"column":36},"end":{"line":35,"column":48}},"6":{"start":{"line":36,"column":28},"end":{"line":36,"column":40}},"7":{"start":{"line":38,"column":2},"end":{"line":48,"column":9}},"8":{"start":{"line":39,"column":4},"end":{"line":41,"column":6}},"9":{"start":{"line":40,"column":6},"end":{"line":40,"column":34}},"10":{"start":{"line":42,"column":4},"end":{"line":44,"column":7}},"11":{"start":{"line":43,"column":6},"end":{"line":43,"column":24}},"12":{"start":{"line":45,"column":4},"end":{"line":47,"column":7}},"13":{"start":{"line":46,"column":6},"end":{"line":46,"column":20}},"14":{"start":{"line":49,"column":2},"end":{"line":87,"column":4}},"15":{"start":{"line":53,"column":21},"end":{"line":53,"column":56}},"16":{"start":{"line":73,"column":12},"end":{"line":73,"column":32}},"17":{"start":{"line":74,"column":12},"end":{"line":74,"column":30}}},"fnMap":{"0":{"name":"(anonymous_0)","decl":{"start":{"line":31,"column":25},"end":{"line":31,"column":26}},"loc":{"start":{"line":31,"column":49},"end":{"line":88,"column":1}},"line":31},"1":{"name":"(anonymous_1)","decl":{"start":{"line":38,"column":12},"end":{"line":38,"column":13}},"loc":{"start":{"line":38,"column":18},"end":{"line":48,"column":3}},"line":38},"2":{"name":"(anonymous_2)","decl":{"start":{"line":39,"column":66},"end":{"line":39,"column":67}},"loc":{"start":{"line":40,"column":6},"end":{"line":40,"column":34}},"line":40},"3":{"name":"(anonymous_3)","decl":{"start":{"line":42,"column":65},"end":{"line":42,"column":66}},"loc":{"start":{"line":42,"column":74},"end":{"line":44,"column":5}},"line":42},"4":{"name":"(anonymous_4)","decl":{"start":{"line":45,"column":53},"end":{"line":45,"column":54}},"loc":{"start":{"line":45,"column":62},"end":{"line":47,"column":5}},"line":45},"5":{"name":"(anonymous_5)","decl":{"start":{"line":53,"column":15},"end":{"line":53,"column":16}},"loc":{"start":{"line":53,"column":21},"end":{"line":53,"column":56}},"line":53},"6":{"name":"(anonymous_6)","decl":{"start":{"line":72,"column":19},"end":{"line":72,"column":20}},"loc":{"start":{"line":72,"column":26},"end":{"line":75,"column":11}},"line":72}},"branchMap":{"0":{"loc":{"start":{"line":80,"column":7},"end":{"line":84,"column":7}},"type":"binary-expr","locations":[{"start":{"line":80,"column":7},"end":{"line":80,"column":12}},{"start":{"line":81,"column":8},"end":{"line":83,"column":14}}],"line":80}},"s":{"0":1,"1":1,"2":4,"3":4,"4":4,"5":4,"6":4,"7":4,"8":4,"9":4,"10":4,"11":4,"12":4,"13":4,"14":4,"15":0,"16":0,"17":0},"f":{"0":4,"1":4,"2":4,"3":4,"4":4,"5":0,"6":0},"b":{"0":[4,0]},"_coverageSchema":"1a1c01bbd47fc00a2c39e90264f33305004495a9","hash":"92916249060c517cf0619c9b10a22d3e74ec1858"}
,"/home/korichevalex/Documents/memium_react/src/components/LoginForm/index.js": {"path":"/home/korichevalex/Documents/memium_react/src/components/LoginForm/index.js","statementMap":{"0":{"start":{"line":14,"column":25},"end":{"line":101,"column":1}},"1":{"start":{"line":15,"column":23},"end":{"line":19,"column":3}},"2":{"start":{"line":20,"column":36},"end":{"line":20,"column":58}},"3":{"start":{"line":21,"column":18},"end":{"line":21,"column":30}},"4":{"start":{"line":22,"column":19},"end":{"line":39,"column":3}},"5":{"start":{"line":23,"column":4},"end":{"line":26,"column":8}},"6":{"start":{"line":23,"column":33},"end":{"line":26,"column":5}},"7":{"start":{"line":27,"column":4},"end":{"line":27,"column":23}},"8":{"start":{"line":28,"column":4},"end":{"line":38,"column":9}},"9":{"start":{"line":30,"column":8},"end":{"line":30,"column":30}},"10":{"start":{"line":33,"column":8},"end":{"line":37,"column":12}},"11":{"start":{"line":33,"column":37},"end":{"line":37,"column":9}},"12":{"start":{"line":40,"column":23},"end":{"line":46,"column":3}},"13":{"start":{"line":41,"column":4},"end":{"line":45,"column":8}},"14":{"start":{"line":41,"column":33},"end":{"line":45,"column":5}},"15":{"start":{"line":47,"column":2},"end":{"line":100,"column":4}}},"fnMap":{"0":{"name":"(anonymous_0)","decl":{"start":{"line":14,"column":25},"end":{"line":14,"column":26}},"loc":{"start":{"line":14,"column":42},"end":{"line":101,"column":1}},"line":14},"1":{"name":"(anonymous_1)","decl":{"start":{"line":22,"column":19},"end":{"line":22,"column":20}},"loc":{"start":{"line":22,"column":26},"end":{"line":39,"column":3}},"line":22},"2":{"name":"(anonymous_2)","decl":{"start":{"line":23,"column":17},"end":{"line":23,"column":18}},"loc":{"start":{"line":23,"column":33},"end":{"line":26,"column":5}},"line":23},"3":{"name":"(anonymous_3)","decl":{"start":{"line":29,"column":12},"end":{"line":29,"column":13}},"loc":{"start":{"line":29,"column":21},"end":{"line":31,"column":7}},"line":29},"4":{"name":"(anonymous_4)","decl":{"start":{"line":32,"column":13},"end":{"line":32,"column":14}},"loc":{"start":{"line":32,"column":22},"end":{"line":38,"column":7}},"line":32},"5":{"name":"(anonymous_5)","decl":{"start":{"line":33,"column":21},"end":{"line":33,"column":22}},"loc":{"start":{"line":33,"column":37},"end":{"line":37,"column":9}},"line":33},"6":{"name":"(anonymous_6)","decl":{"start":{"line":40,"column":23},"end":{"line":40,"column":24}},"loc":{"start":{"line":40,"column":30},"end":{"line":46,"column":3}},"line":40},"7":{"name":"(anonymous_7)","decl":{"start":{"line":41,"column":17},"end":{"line":41,"column":18}},"loc":{"start":{"line":41,"column":33},"end":{"line":45,"column":5}},"line":41}},"branchMap":{"0":{"loc":{"start":{"line":56,"column":9},"end":{"line":60,"column":16}},"type":"cond-expr","locations":[{"start":{"line":57,"column":10},"end":{"line":59,"column":16}},{"start":{"line":60,"column":12},"end":{"line":60,"column":16}}],"line":56}},"s":{"0":1,"1":1,"2":1,"3":1,"4":1,"5":0,"6":0,"7":0,"8":0,"9":0,"10":0,"11":0,"12":1,"13":0,"14":0,"15":1},"f":{"0":1,"1":0,"2":0,"3":0,"4":0,"5":0,"6":0,"7":0},"b":{"0":[0,1]},"_coverageSchema":"1a1c01bbd47fc00a2c39e90264f33305004495a9","hash":"68dd9249ef56f7e9bff5da8242def3ad6aafd59c"}
,"/home/korichevalex/Documents/memium_react/src/components/MyArticlesList/index.js": {"path":"/home/korichevalex/Documents/memium_react/src/components/MyArticlesList/index.js","statementMap":{"0":{"start":{"line":14,"column":30},"end":{"line":41,"column":1}},"1":{"start":{"line":15,"column":19},"end":{"line":15,"column":32}},"2":{"start":{"line":16,"column":20},"end":{"line":16,"column":71}},"3":{"start":{"line":16,"column":43},"end":{"line":16,"column":70}},"4":{"start":{"line":17,"column":33},"end":{"line":19,"column":3}},"5":{"start":{"line":18,"column":15},"end":{"line":18,"column":55}},"6":{"start":{"line":21,"column":2},"end":{"line":26,"column":9}},"7":{"start":{"line":22,"column":4},"end":{"line":22,"column":31}},"8":{"start":{"line":23,"column":4},"end":{"line":25,"column":5}},"9":{"start":{"line":24,"column":6},"end":{"line":24,"column":32}},"10":{"start":{"line":28,"column":2},"end":{"line":40,"column":4}},"11":{"start":{"line":31,"column":8},"end":{"line":37,"column":10}},"12":{"start":{"line":34,"column":26},"end":{"line":34,"column":48}},"13":{"start":{"line":35,"column":28},"end":{"line":35,"column":57}},"14":{"start":{"line":36,"column":42},"end":{"line":36,"column":61}}},"fnMap":{"0":{"name":"(anonymous_0)","decl":{"start":{"line":14,"column":30},"end":{"line":14,"column":31}},"loc":{"start":{"line":14,"column":48},"end":{"line":41,"column":1}},"line":14},"1":{"name":"(anonymous_1)","decl":{"start":{"line":16,"column":32},"end":{"line":16,"column":33}},"loc":{"start":{"line":16,"column":43},"end":{"line":16,"column":70}},"line":16},"2":{"name":"(anonymous_2)","decl":{"start":{"line":18,"column":4},"end":{"line":18,"column":5}},"loc":{"start":{"line":18,"column":15},"end":{"line":18,"column":55}},"line":18},"3":{"name":"(anonymous_3)","decl":{"start":{"line":21,"column":12},"end":{"line":21,"column":13}},"loc":{"start":{"line":21,"column":24},"end":{"line":26,"column":3}},"line":21},"4":{"name":"(anonymous_4)","decl":{"start":{"line":30,"column":20},"end":{"line":30,"column":21}},"loc":{"start":{"line":31,"column":8},"end":{"line":37,"column":10}},"line":31},"5":{"name":"(anonymous_5)","decl":{"start":{"line":34,"column":18},"end":{"line":34,"column":19}},"loc":{"start":{"line":34,"column":26},"end":{"line":34,"column":48}},"line":34},"6":{"name":"(anonymous_6)","decl":{"start":{"line":35,"column":20},"end":{"line":35,"column":21}},"loc":{"start":{"line":35,"column":28},"end":{"line":35,"column":57}},"line":35},"7":{"name":"(anonymous_7)","decl":{"start":{"line":36,"column":34},"end":{"line":36,"column":35}},"loc":{"start":{"line":36,"column":42},"end":{"line":36,"column":61}},"line":36}},"branchMap":{"0":{"loc":{"start":{"line":23,"column":4},"end":{"line":25,"column":5}},"type":"if","locations":[{"start":{"line":23,"column":4},"end":{"line":25,"column":5}},{"start":{"line":23,"column":4},"end":{"line":25,"column":5}}],"line":23}},"s":{"0":1,"1":0,"2":0,"3":0,"4":0,"5":0,"6":0,"7":0,"8":0,"9":0,"10":0,"11":0,"12":0,"13":0,"14":0},"f":{"0":0,"1":0,"2":0,"3":0,"4":0,"5":0,"6":0,"7":0},"b":{"0":[0,0]},"_coverageSchema":"1a1c01bbd47fc00a2c39e90264f33305004495a9","hash":"08f078f83543004b56b51bed6d3dbc4626026eaf"}
,"/home/korichevalex/Documents/memium_react/src/components/PrivateRoute/index.js": {"path":"/home/korichevalex/Documents/memium_react/src/components/PrivateRoute/index.js","statementMap":{"0":{"start":{"line":5,"column":28},"end":{"line":27,"column":1}},"1":{"start":{"line":6,"column":2},"end":{"line":8,"column":3}},"2":{"start":{"line":7,"column":4},"end":{"line":7,"column":16}},"3":{"start":{"line":10,"column":2},"end":{"line":26,"column":4}},"4":{"start":{"line":14,"column":8},"end":{"line":23,"column":9}}},"fnMap":{"0":{"name":"(anonymous_0)","decl":{"start":{"line":5,"column":28},"end":{"line":5,"column":29}},"loc":{"start":{"line":5,"column":66},"end":{"line":27,"column":1}},"line":5},"1":{"name":"(anonymous_1)","decl":{"start":{"line":13,"column":14},"end":{"line":13,"column":15}},"loc":{"start":{"line":14,"column":8},"end":{"line":23,"column":9}},"line":14}},"branchMap":{"0":{"loc":{"start":{"line":6,"column":2},"end":{"line":8,"column":3}},"type":"if","locations":[{"start":{"line":6,"column":2},"end":{"line":8,"column":3}},{"start":{"line":6,"column":2},"end":{"line":8,"column":3}}],"line":6},"1":{"loc":{"start":{"line":14,"column":8},"end":{"line":23,"column":9}},"type":"cond-expr","locations":[{"start":{"line":15,"column":10},"end":{"line":15,"column":18}},{"start":{"line":17,"column":10},"end":{"line":22,"column":12}}],"line":14}},"s":{"0":0,"1":0,"2":0,"3":0,"4":0},"f":{"0":0,"1":0},"b":{"0":[0,0],"1":[0,0]}}
,"/home/korichevalex/Documents/memium_react/src/components/ProfileHeader/index.js": {"path":"/home/korichevalex/Documents/memium_react/src/components/ProfileHeader/index.js","statementMap":{"0":{"start":{"line":9,"column":18},"end":{"line":32,"column":3}},"1":{"start":{"line":9,"column":36},"end":{"line":32,"column":1}},"2":{"start":{"line":34,"column":29},"end":{"line":114,"column":1}},"3":{"start":{"line":47,"column":18},"end":{"line":47,"column":29}},"4":{"start":{"line":48,"column":34},"end":{"line":48,"column":49}},"5":{"start":{"line":49,"column":22},"end":{"line":49,"column":34}},"6":{"start":{"line":51,"column":2},"end":{"line":61,"column":9}},"7":{"start":{"line":52,"column":4},"end":{"line":54,"column":5}},"8":{"start":{"line":53,"column":6},"end":{"line":53,"column":19}},"9":{"start":{"line":55,"column":4},"end":{"line":57,"column":5}},"10":{"start":{"line":56,"column":6},"end":{"line":56,"column":20}},"11":{"start":{"line":58,"column":4},"end":{"line":60,"column":5}},"12":{"start":{"line":59,"column":6},"end":{"line":59,"column":17}},"13":{"start":{"line":63,"column":24},"end":{"line":65,"column":3}},"14":{"start":{"line":64,"column":4},"end":{"line":64,"column":52}},"15":{"start":{"line":67,"column":23},"end":{"line":69,"column":3}},"16":{"start":{"line":68,"column":4},"end":{"line":68,"column":32}},"17":{"start":{"line":71,"column":23},"end":{"line":75,"column":3}},"18":{"start":{"line":72,"column":21},"end":{"line":72,"column":35}},"19":{"start":{"line":73,"column":4},"end":{"line":73,"column":48}},"20":{"start":{"line":74,"column":4},"end":{"line":74,"column":27}},"21":{"start":{"line":76,"column":2},"end":{"line":113,"column":4}},"22":{"start":{"line":87,"column":31},"end":{"line":87,"column":53}},"23":{"start":{"line":93,"column":31},"end":{"line":93,"column":53}}},"fnMap":{"0":{"name":"(anonymous_0)","decl":{"start":{"line":9,"column":29},"end":{"line":9,"column":30}},"loc":{"start":{"line":9,"column":36},"end":{"line":32,"column":1}},"line":9},"1":{"name":"(anonymous_1)","decl":{"start":{"line":34,"column":29},"end":{"line":34,"column":30}},"loc":{"start":{"line":46,"column":6},"end":{"line":114,"column":1}},"line":46},"2":{"name":"(anonymous_2)","decl":{"start":{"line":51,"column":12},"end":{"line":51,"column":13}},"loc":{"start":{"line":51,"column":18},"end":{"line":61,"column":3}},"line":51},"3":{"name":"(anonymous_3)","decl":{"start":{"line":63,"column":24},"end":{"line":63,"column":25}},"loc":{"start":{"line":63,"column":37},"end":{"line":65,"column":3}},"line":63},"4":{"name":"(anonymous_4)","decl":{"start":{"line":67,"column":23},"end":{"line":67,"column":24}},"loc":{"start":{"line":67,"column":29},"end":{"line":69,"column":3}},"line":67},"5":{"name":"(anonymous_5)","decl":{"start":{"line":71,"column":23},"end":{"line":71,"column":24}},"loc":{"start":{"line":71,"column":30},"end":{"line":75,"column":3}},"line":71},"6":{"name":"(anonymous_6)","decl":{"start":{"line":87,"column":25},"end":{"line":87,"column":26}},"loc":{"start":{"line":87,"column":31},"end":{"line":87,"column":53}},"line":87},"7":{"name":"(anonymous_7)","decl":{"start":{"line":93,"column":25},"end":{"line":93,"column":26}},"loc":{"start":{"line":93,"column":31},"end":{"line":93,"column":53}},"line":93}},"branchMap":{"0":{"loc":{"start":{"line":52,"column":4},"end":{"line":54,"column":5}},"type":"if","locations":[{"start":{"line":52,"column":4},"end":{"line":54,"column":5}},{"start":{"line":52,"column":4},"end":{"line":54,"column":5}}],"line":52},"1":{"loc":{"start":{"line":55,"column":4},"end":{"line":57,"column":5}},"type":"if","locations":[{"start":{"line":55,"column":4},"end":{"line":57,"column":5}},{"start":{"line":55,"column":4},"end":{"line":57,"column":5}
[...]
"start":{"line":121,"column":29},"end":{"line":125,"column":1}},"70":{"start":{"line":121,"column":42},"end":{"line":125,"column":1}},"71":{"start":{"line":122,"column":2},"end":{"line":122,"column":35}},"72":{"start":{"line":123,"column":25},"end":{"line":123,"column":72}},"73":{"start":{"line":124,"column":2},"end":{"line":124,"column":50}},"74":{"start":{"line":127,"column":22},"end":{"line":131,"column":1}},"75":{"start":{"line":127,"column":28},"end":{"line":131,"column":1}},"76":{"start":{"line":128,"column":2},"end":{"line":128,"column":31}},"77":{"start":{"line":129,"column":13},"end":{"line":129,"column":50}},"78":{"start":{"line":130,"column":2},"end":{"line":130,"column":33}},"79":{"start":{"line":133,"column":28},"end":{"line":136,"column":1}},"80":{"start":{"line":133,"column":40},"end":{"line":136,"column":1}},"81":{"start":{"line":134,"column":13},"end":{"line":134,"column":62}},"82":{"start":{"line":135,"column":2},"end":{"line":135,"column":21}},"83":{"start":{"line":138,"column":29},"end":{"line":142,"column":1}},"84":{"start":{"line":138,"column":35},"end":{"line":142,"column":1}},"85":{"start":{"line":139,"column":2},"end":{"line":139,"column":34}},"86":{"start":{"line":140,"column":20},"end":{"line":140,"column":60}},"87":{"start":{"line":141,"column":2},"end":{"line":141,"column":47}},"88":{"start":{"line":144,"column":31},"end":{"line":147,"column":1}},"89":{"start":{"line":144,"column":46},"end":{"line":147,"column":1}},"90":{"start":{"line":145,"column":23},"end":{"line":145,"column":77}},"91":{"start":{"line":146,"column":2},"end":{"line":146,"column":28}},"92":{"start":{"line":149,"column":24},"end":{"line":153,"column":1}},"93":{"start":{"line":149,"column":43},"end":{"line":153,"column":1}},"94":{"start":{"line":150,"column":2},"end":{"line":150,"column":33}},"95":{"start":{"line":151,"column":15},"end":{"line":151,"column":49}},"96":{"start":{"line":152,"column":2},"end":{"line":152,"column":37}},"97":{"start":{"line":155,"column":24},"end":{"line":158,"column":1}},"98":{"start":{"line":155,"column":39},"end":{"line":158,"column":1}},"99":{"start":{"line":156,"column":21},"end":{"line":156,"column":65}},"100":{"start":{"line":157,"column":2},"end":{"line":157,"column":28}},"101":{"start":{"line":160,"column":25},"end":{"line":163,"column":1}},"102":{"start":{"line":160,"column":40},"end":{"line":163,"column":1}},"103":{"start":{"line":161,"column":21},"end":{"line":161,"column":66}},"104":{"start":{"line":162,"column":2},"end":{"line":162,"column":23}},"105":{"start":{"line":165,"column":30},"end":{"line":168,"column":1}},"106":{"start":{"line":165,"column":45},"end":{"line":168,"column":1}},"107":{"start":{"line":166,"column":21},"end":{"line":166,"column":71}},"108":{"start":{"line":167,"column":2},"end":{"line":167,"column":23}},"109":{"start":{"line":170,"column":28},"end":{"line":174,"column":1}},"110":{"start":{"line":170,"column":42},"end":{"line":174,"column":1}},"111":{"start":{"line":171,"column":2},"end":{"line":171,"column":33}},"112":{"start":{"line":172,"column":23},"end":{"line":172,"column":76}},"113":{"start":{"line":173,"column":2},"end":{"line":173,"column":45}},"114":{"start":{"line":176,"column":30},"end":{"line":180,"column":1}},"115":{"start":{"line":176,"column":36},"end":{"line":180,"column":1}},"116":{"start":{"line":177,"column":2},"end":{"line":177,"column":39}},"117":{"start":{"line":178,"column":21},"end":{"line":178,"column":58}},"118":{"start":{"line":179,"column":2},"end":{"line":179,"column":47}}},"fnMap":{"0":{"name":"(anonymous_0)","decl":{"start":{"line":25,"column":31},"end":{"line":25,"column":32}},"loc":{"start":{"line":25,"column":41},"end":{"line":28,"column":1}},"line":25},"1":{"name":"(anonymous_1)","decl":{"start":{"line":30,"column":32},"end":{"line":30,"column":33}},"loc":{"start":{"line":30,"column":46},"end":{"line":33,"column":1}},"line":30},"2":{"name":"(anonymous_2)","decl":{"start":{"line":35,"column":29},"end":{"line":35,"column":30}},"loc":{"start":{"line":35,"column":40},"end":{"line":38,"column":1}},"line":35},"3":{"name":"(anonymous_3)","decl":{"start":{"line":40,"column":27},"end":{"line":40,"column":28}},"loc":{"start":{"line":40,"column":36},"end":{"line":43,"column":1}},"line":40},"4":{"name":"(anonymous_4)","decl":{"start":{"line":45,"column":29},"end":{"line":45,"column":30}},"loc":{"start":{"line":45,"column":40},"end":{"line":48,"column":1}},"line":45},"5":{"name":"(anonymous_5)","decl":{"start":{"line":50,"column":34},"end":{"line":50,"column":35}},"loc":{"start":{"line":50,"column":51},"end":{"line":53,"column":1}},"line":50},"6":{"name":"(anonymous_6)","decl":{"start":{"line":55,"column":27},"end":{"line":55,"column":28}},"loc":{"start":{"line":55,"column":43},"end":{"line":58,"column":1}},"line":55},"7":{"name":"(anonymous_7)","decl":{"start":{"line":60,"column":33},"end":{"line":60,"column":34}},"loc":{"start":{"line":60,"column":48},"end":{"line":63,"column":1}},"line":60},"8":{"name":"(anonymous_8)","decl":{"start":{"line":65,"column":36},"end":{"line":65,"column":37}},"loc":{"start":{"line":65,"column":43},"end":{"line":67,"column":1}},"line":65},"9":{"name":"(anonymous_9)","decl":{"start":{"line":69,"column":37},"end":{"line":69,"column":38}},"loc":{"start":{"line":69,"column":44},"end":{"line":71,"column":1}},"line":69},"10":{"name":"(anonymous_10)","decl":{"start":{"line":73,"column":34},"end":{"line":73,"column":35}},"loc":{"start":{"line":73,"column":41},"end":{"line":75,"column":1}},"line":73},"11":{"name":"(anonymous_11)","decl":{"start":{"line":77,"column":36},"end":{"line":77,"column":37}},"loc":{"start":{"line":77,"column":43},"end":{"line":79,"column":1}},"line":77},"12":{"name":"(anonymous_12)","decl":{"start":{"line":81,"column":32},"end":{"line":81,"column":33}},"loc":{"start":{"line":81,"column":39},"end":{"line":83,"column":1}},"line":81},"13":{"name":"(anonymous_13)","decl":{"start":{"line":85,"column":35},"end":{"line":85,"column":36}},"loc":{"start":{"line":85,"column":42},"end":{"line":87,"column":1}},"line":85},"14":{"name":"(anonymous_14)","decl":{"start":{"line":89,"column":34},"end":{"line":89,"column":35}},"loc":{"start":{"line":89,"column":41},"end":{"line":91,"column":1}},"line":89},"15":{"name":"(anonymous_15)","decl":{"start":{"line":93,"column":40},"end":{"line":93,"column":41}},"loc":{"start":{"line":93,"column":47},"end":{"line":95,"column":1}},"line":93},"16":{"name":"(anonymous_16)","decl":{"start":{"line":97,"column":26},"end":{"line":97,"column":27}},"loc":{"start":{"line":97,"column":32},"end":{"line":101,"column":1}},"line":97},"17":{"name":"(anonymous_17)","decl":{"start":{"line":97,"column":32},"end":{"line":97,"column":33}},"loc":{"start":{"line":97,"column":52},"end":{"line":101,"column":1}},"line":97},"18":{"name":"(anonymous_18)","decl":{"start":{"line":103,"column":28},"end":{"line":103,"column":29}},"loc":{"start":{"line":103,"column":40},"end":{"line":107,"column":1}},"line":103},"19":{"name":"(anonymous_19)","decl":{"start":{"line":103,"column":40},"end":{"line":103,"column":41}},"loc":{"start":{"line":103,"column":60},"end":{"line":107,"column":1}},"line":103},"20":{"name":"(anonymous_20)","decl":{"start":{"line":109,"column":27},"end":{"line":109,"column":28}},"loc":{"start":{"line":109,"column":33},"end":{"line":113,"column":1}},"line":109},"21":{"name":"(anonymous_21)","decl":{"start":{"line":109,"column":33},"end":{"line":109,"column":34}},"loc":{"start":{"line":109,"column":53},"end":{"line":113,"column":1}},"line":109},"22":{"name":"(anonymous_22)","decl":{"start":{"line":115,"column":24},"end":{"line":115,"column":25}},"loc":{"start":{"line":115,"column":30},"end":{"line":119,"column":1}},"line":115},"23":{"name":"(anonymous_23)","decl":{"start":{"line":115,"column":30},"end":{"line":115,"column":31}},"loc":{"start":{"line":115,"column":50},"end":{"line":119,"column":1}},"line":115},"24":{"name":"(anonymous_24)","decl":{"start":{"line":121,"column":29},"end":{"line":121,"column":30}},"loc":{"start":{"line":121,"column":42},"end":{"line":125,"column":1}},"line":121},"25":{"name":"(anonymous_25)","decl":{"start":{"line":121,"column":42},"end":{"line":121,"column":43}},"loc":{"start":{"line":121,"column":62},"end":{"line":125,"column":1}},"line":121},"26":{"name":"(anonymous_26)","decl":{"start":{"line":127,"column":22},"end":{"line":127,"column":23}},"loc":{"start":{"line":127,"column":28},"end":{"line":131,"column":1}},"line":127},"27":{"name":"(anonymous_27)","decl":{"start":{"line":127,"column":28},"end":{"line":127,"column":29}},"loc":{"start":{"line":127,"column":48},"end":{"line":131,"column":1}},"line":127},"28":{"name":"(anonymous_28)","decl":{"start":{"line":133,"column":28},"end":{"line":133,"column":29}},"loc":{"start":{"line":133,"column":40},"end":{"line":136,"column":1}},"line":133},"29":{"name":"(anonymous_29)","decl":{"start":{"line":133,"column":40},"end":{"line":133,"column":41}},"loc":{"start":{"line":133,"column":60},"end":{"line":136,"column":1}},"line":133},"30":{"name":"(anonymous_30)","decl":{"start":{"line":138,"column":29},"end":{"line":138,"column":30}},"loc":{"start":{"line":138,"column":35},"end":{"line":142,"column":1}},"line":138},"31":{"name":"(anonymous_31)","decl":{"start":{"line":138,"column":35},"end":{"line":138,"column":36}},"loc":{"start":{"line":138,"column":55},"end":{"line":142,"column":1}},"line":138},"32":{"name":"(anonymous_32)","decl":{"start":{"line":144,"column":31},"end":{"line":144,"column":32}},"loc":{"start":{"line":144,"column":46},"end":{"line":147,"column":1}},"line":144},"33":{"name":"(anonymous_33)","decl":{"start":{"line":144,"column":46},"end":{"line":144,"column":47}},"loc":{"start":{"line":144,"column":66},"end":{"line":147,"column":1}},"line":144},"34":{"name":"(anonymous_34)","decl":{"start":{"line":149,"column":24},"end":{"line":149,"column":25}},"loc":{"start":{"line":149,"column":43},"end":{"line":153,"column":1}},"line":149},"35":{"name":"(anonymous_35)","decl":{"start":{"line":149,"column":43},"end":{"line":149,"column":44}},"loc":{"start":{"line":149,"column":63},"end":{"line":153,"column":1}},"line":149},"36":{"name":"(anonymous_36)","decl":{"start":{"line":155,"column":24},"end":{"line":155,"column":25}},"loc":{"start":{"line":155,"column":39},"end":{"line":158,"column":1}},"line":155},"37":{"name":"(anonymous_37)","decl":{"start":{"line":155,"column":39},"end":{"line":155,"column":40}},"loc":{"start":{"line":155,"column":59},"end":{"line":158,"column":1}},"line":155},"38":{"name":"(anonymous_38)","decl":{"start":{"line":160,"column":25},"end":{"line":160,"column":26}},"loc":{"start":{"line":160,"column":40},"end":{"line":163,"column":1}},"line":160},"39":{"name":"(anonymous_39)","decl":{"start":{"line":160,"column":40},"end":{"line":160,"column":41}},"loc":{"start":{"line":160,"column":60},"end":{"line":163,"column":1}},"line":160},"40":{"name":"(anonymous_40)","decl":{"start":{"line":165,"column":30},"end":{"line":165,"column":31}},"loc":{"start":{"line":165,"column":45},"end":{"line":168,"column":1}},"line":165},"41":{"name":"(anonymous_41)","decl":{"start":{"line":165,"column":45},"end":{"line":165,"column":46}},"loc":{"start":{"line":165,"column":65},"end":{"line":168,"column":1}},"line":165},"42":{"name":"(anonymous_42)","decl":{"start":{"line":170,"column":28},"end":{"line":170,"column":29}},"loc":{"start":{"line":170,"column":42},"end":{"line":174,"column":1}},"line":170},"43":{"name":"(anonymous_43)","decl":{"start":{"line":170,"column":42},"end":{"line":170,"column":43}},"loc":{"start":{"line":170,"column":62},"end":{"line":174,"column":1}},"line":170},"44":{"name":"(anonymous_44)","decl":{"start":{"line":176,"column":30},"end":{"line":176,"column":31}},"loc":{"start":{"line":176,"column":36},"end":{"line":180,"column":1}},"line":176},"45":{"name":"(anonymous_45)","decl":{"start":{"line":176,"column":36},"end":{"line":176,"column":37}},"loc":{"start":{"line":176,"column":56},"end":{"line":180,"column":1}},"line":176}},"branchMap":{},"s":{"0":4,"1":4,"2":4,"3":4,"4":4,"5":4,"6":4,"7":4,"8":4,"9":4,"10":4,"11":4,"12":4,"13":4,"14":4,"15":4,"16":4,"17":4,"18":0,"19":4,"20":0,"21":4,"22":0,"23":4,"24":0,"25":4,"26":0,"27":4,"28":0,"29":4,"30":0,"31":4,"32":0,"33":4,"34":0,"35":4,"36":0,"37":4,"38":0,"39":4,"40":0,"41":4,"42":0,"43":4,"44":0,"45":4,"46":0,"47":4,"48":0,"49":4,"50":0,"51":0,"52":0,"53":0,"54":4,"55":0,"56":0,"57":0,"58":0,"59":4,"60":0,"61":0,"62":0,"63":0,"64":4,"65":0,"66":0,"67":0,"68":0,"69":4,"70":0,"71":0,"72":0,"73":0,"74":4,"75":0,"76":0,"77":0,"78":0,"79":4,"80":0,"81":0,"82":0,"83":4,"84":0,"85":0,"86":0,"87":0,"88":4,"89":0,"90":0,"91":0,"92":4,"93":0,"94":0,"95":0,"96":0,"97":4,"98":0,"99":0,"100":0,"101":4,"102":0,"103":0,"104":0,"105":4,"106":0,"107":0,"108":0,"109":4,"110":0,"111":0,"112":0,"113":0,"114":4,"115":0,"116":0,"117":0,"118":0},"f":{"0":0,"1":0,"2":0,"3":0,"4":0,"5":0,"6":0,"7":0,"8":0,"9":0,"10":0,"11":0,"12":0,"13":0,"14":0,"15":0,"16":0,"17":0,"18":0,"19":0,"20":0,"21":0,"22":0,"23":0,"24":0,"25":0,"26":0,"27":0,"28":0,"29":0,"30":0,"31":0,"32":0,"33":0,"34":0,"35":0,"36":0,"37":0,"38":0,"39":0,"40":0,"41":0,"42":0,"43":0,"44":0,"45":0},"b":{},"_coverageSchema":"1a1c01bbd47fc00a2c39e90264f33305004495a9","hash":"1067d42671f19c39fed3096fad7f2715d2eb2c6e"}
,"/home/korichevalex/Documents/memium_react/src/redux/user/hooks.js": {"path":"/home/korichevalex/Documents/memium_react/src/redux/user/hooks.js","statementMap":{"0":{"start":{"line":6,"column":31},"end":{"line":21,"column":1}},"1":{"start":{"line":7,"column":19},"end":{"line":7,"column":32}},"2":{"start":{"line":9,"column":21},"end":{"line":11,"column":3}},"3":{"start":{"line":10,"column":15},"end":{"line":10,"column":59}},"4":{"start":{"line":13,"column":2},"end":{"line":18,"column":17}},"5":{"start":{"line":14,"column":4},"end":{"line":17,"column":5}},"6":{"start":{"line":15,"column":6},"end":{"line":15,"column":42}},"7":{"start":{"line":16,"column":6},"end":{"line":16,"column":40}},"8":{"start":{"line":20,"column":2},"end":{"line":20,"column":20}}},"fnMap":{"0":{"name":"(anonymous_0)","decl":{"start":{"line":6,"column":31},"end":{"line":6,"column":32}},"loc":{"start":{"line":6,"column":45},"end":{"line":21,"column":1}},"line":6},"1":{"name":"(anonymous_1)","decl":{"start":{"line":10,"column":4},"end":{"line":10,"column":5}},"loc":{"start":{"line":10,"column":15},"end":{"line":10,"column":59}},"line":10},"2":{"name":"(anonymous_2)","decl":{"start":{"line":13,"column":12},"end":{"line":13,"column":13}},"loc":{"start":{"line":13,"column":18},"end":{"line":18,"column":3}},"line":13}},"branchMap":{"0":{"loc":{"start":{"line":14,"column":4},"end":{"line":17,"column":5}},"type":"if","locations":[{"start":{"line":14,"column":4},"end":{"line":17,"column":5}},{"start":{"line":14,"column":4},"end":{"line":17,"column":5}}],"line":14}},"s":{"0":4,"1":3,"2":3,"3":8,"4":3,"5":3,"6":1,"7":1,"8":3},"f":{"0":3,"1":8,"2":3},"b":{"0":[1,2]},"_coverageSchema":"1a1c01bbd47fc00a2c39e90264f33305004495a9","hash":"a4cea011b21a2d19ee66cb385a264bcda24cbac7"}
,"/home/korichevalex/Documents/memium_react/src/redux/user/reducer.js": {"path":"/home/korichevalex/Documents/memium_react/src/redux/user/reducer.js","statementMap":{"0":{"start":{"line":20,"column":30},"end":{"line":24,"column":1}},"1":{"start":{"line":26,"column":24},"end":{"line":33,"column":1}},"2":{"start":{"line":35,"column":34},"end":{"line":41,"column":1}},"3":{"start":{"line":43,"column":33},"end":{"line":60,"column":1}},"4":{"start":{"line":44,"column":2},"end":{"line":59,"column":3}},"5":{"start":{"line":46,"column":6},"end":{"line":46,"column":23}},"6":{"start":{"line":48,"column":6},"end":{"line":48,"column":26}},"7":{"start":{"line":50,"column":6},"end":{"line":50,"column":24}},"8":{"start":{"line":52,"column":6},"end":{"line":52,"column":21}},"9":{"start":{"line":54,"column":6},"end":{"line":54,"column":21}},"10":{"start":{"line":56,"column":6},"end":{"line":56,"column":18}},"11":{"start":{"line":58,"column":6},"end":{"line":58,"column":22}},"12":{"start":{"line":62,"column":21},"end":{"line":81,"column":1}},"13":{"start":{"line":83,"column":27},"end":{"line":170,"column":1}},"14":{"start":{"line":84,"column":2},"end":{"line":169,"column":3}},"15":{"start":{"line":86,"column":6},"end":{"line":90,"column":8}},"16":{"start":{"line":92,"column":6},"end":{"line":95,"column":8}},"17":{"start":{"line":97,"column":6},"end":{"line":101,"column":8}},"18":{"start":{"line":103,"column":6},"end":{"line":106,"column":8}},"19":{"start":{"line":108,"column":6},"end":{"line":112,"column":8}},"20":{"start":{"line":114,"column":6},"end":{"line":117,"column":8}},"21":{"start":{"line":119,"column":6},"end":{"line":122,"column":8}},"22":{"start":{"line":124,"column":6},"end":{"line":128,"column":8}},"23":{"start":{"line":130,"column":6},"end":{"line":133,"column":8}},"24":{"start":{"line":135,"column":6},"end":{"line":139,"column":8}},"25":{"start":{"line":141,"column":6},"end":{"line":144,"column":8}},"26":{"start":{"line":146,"column":6},"end":{"line":150,"column":8}},"27":{"start":{"line":152,"column":6},"end":{"line":155,"column":8}},"28":{"start":{"line":157,"column":6},"end":{"line":161,"column":8}},"29":{"start":{"line":163,"column":6},"end":{"line":166,"column":8}},"30":{"start":{"line":168,"column":6},"end":{"line":168,"column":19}}},"fnMap":{"0":{"name":"(anonymous_0)","decl":{"start":{"line":43,"column":33},"end":{"line":43,"column":34}},"loc":{"start":{"line":43,"column":47},"end":{"line":60,"column":1}},"line":43},"1":{"name":"(anonymous_1)","decl":{"start":{"line":83,"column":27},"end":{"line":83,"column":28}},"loc":{"start":{"line":83,"column":61},"end":{"line":170,"column":1}},"line":83}},"branchMap":{"0":{"loc":{"start":{"line":44,"column":2},"end":{"line":59,"column":3}},"type":"switch","locations":[{"start":{"line":45,"column":4},"end":{"line":46,"column":23}},{"start":{"line":47,"column":4},"end":{"line":48,"column":26}},{"start":{"line":49,"column":4},"end":{"line":50,"column":24}},{"start":{"line":51,"column":4},"end":{"line":52,"column":21}},{"start":{"line":53,"column":4},"end":{"line":54,"column":21}},{"start":{"line":55,"column":4},"end":{"line":56,"column":18}},{"start":{"line":57,"column":4},"end":{"line":58,"column":22}}],"line":44},"1":{"loc":{"start":{"line":83,"column":28},"end":{"line":83,"column":48}},"type":"default-arg","locations":[{"start":{"line":83,"column":36},"end":{"line":83,"column":48}}],"line":83},"2":{"loc":{"start":{"line":84,"column":2},"end":{"line":169,"column":3}},"type":"switch","locations":[{"start":{"line":85,"column":4},"end":{"line":90,"column":8}},{"start":{"line":91,"column":4},"end":{"line":95,"column":8}},{"start":{"line":96,"column":4},"end":{"line":101,"column":8}},{"start":{"line":102,"column":4},"end":{"line":106,"column":8}},{"start":{"line":107,"column":4},"end":{"line":112,"column":8}},{"start":{"line":113,"column":4},"end":{"line":117,"column":8}},{"start":{"line":118,"column":4},"end":{"line":122,"column":8}},{"start":{"line":123,"column":4},"end":{"line":128,"column":8}},{"start":{"line":129,"column":4},"end":{"line":133,"column":8}},{"start":{"line":134,"column":4},"end":{"line":139,"column":8}},{"start":{"line":140,"column":4},"end":{"line":144,"column":8}},{"start":{"line":145,"column":4},"end":{"line":150,"column":8}},{"start":{"line":151,"column":4},"end":{"line":155,"column":8}},{"start":{"line":156,"column":4},"end":{"line":161,"column":8}},{"start":{"line":162,"column":4},"end":{"line":166,"column":8}},{"start":{"line":167,"column":4},"end":{"line":168,"column":19}}],"line":84}},"s":{"0":4,"1":4,"2":4,"3":4,"4":0,"5":0,"6":0,"7":0,"8":0,"9":0,"10":0,"11":0,"12":4,"13":4,"14":0,"15":0,"16":0,"17":0,"18":0,"19":0,"20":0,"21":0,"22":0,"23":0,"24":0,"25":0,"26":0,"27":0,"28":0,"29":0,"30":0},"f":{"0":0,"1":0},"b":{"0":[0,0,0,0,0,0,0],"1":[0],"2":[0,0,0,0,0,0,0,0,0,0,0,0,0,0,0,0]},"_coverageSchema":"1a1c01bbd47fc00a2c39e90264f33305004495a9","hash":"54488ef424d4cd567efc1282134d008ed8851ced"}
}
